[INFO] 13:33:04:165 DataNode/(3490:3490): Se cargo correctamente DataNode cuyo nombre es NODO1.
[ERROR] 13:33:04:165 DataNode/(3490:3490): Error al tratar de abrir el archivo.
[INFO] 13:33:18:653 DataNode/(3493:3493): Se cargo correctamente DataNode cuyo nombre es NODO1.
[ERROR] 13:33:18:653 DataNode/(3493:3493): Error al tratar de abrir el archivo.
[INFO] 13:36:43:794 DataNode/(3501:3501): Se cargo correctamente DataNode cuyo nombre es NODO1.
[ERROR] 13:36:43:794 DataNode/(3501:3501): Error al tratar de abrir el archivo.
[INFO] 13:37:10:465 DataNode/(3544:3544): Se cargo correctamente DataNode cuyo nombre es NODO1.
[INFO] 13:37:10:465 DataNode/(3544:3544): Archivo binario de 104857600 bytes encontrado
[INFO] 13:37:10:465 DataNode/(3544:3544): Conexion con FileSystem existosa.
[INFO] 13:37:10:465 DataNode/(3544:3544): Informacion de nodo enviada a FS.
[INFO] 13:37:21:345 DataNode/(3573:3573): Se cargo correctamente DataNode cuyo nombre es NODO2.
[INFO] 13:37:21:345 DataNode/(3573:3573): Archivo binario de 104857600 bytes encontrado
[INFO] 13:37:21:346 DataNode/(3573:3573): Conexion con FileSystem existosa.
[INFO] 13:37:21:346 DataNode/(3573:3573): Informacion de nodo enviada a FS.
[ERROR] 13:38:06:185 DataNode/(3544:3544): Murio FileSystem. Terminando proceso
[ERROR] 13:38:06:185 DataNode/(3573:3573): Murio FileSystem. Terminando proceso
[INFO] 13:38:33:807 DataNode/(3638:3638): Se cargo correctamente DataNode cuyo nombre es NODO1.
[INFO] 13:38:33:807 DataNode/(3638:3638): Archivo binario de 104857600 bytes encontrado
[INFO] 13:38:33:808 DataNode/(3638:3638): Conexion con FileSystem existosa.
[INFO] 13:38:33:808 DataNode/(3638:3638): Informacion de nodo enviada a FS.
[INFO] 13:38:34:447 DataNode/(3640:3640): Se cargo correctamente DataNode cuyo nombre es NODO2.
[INFO] 13:38:34:447 DataNode/(3640:3640): Archivo binario de 314572800 bytes encontrado
[INFO] 13:38:34:448 DataNode/(3640:3640): Conexion con FileSystem existosa.
[INFO] 13:38:34:448 DataNode/(3640:3640): Informacion de nodo enviada a FS.
[INFO] 13:39:35:541 DataNode/(3638:3638): Se recibio SIGINT. Finalizando proceso
[ERROR] 13:39:35:918 DataNode/(3640:3640): Murio FileSystem. Terminando proceso
[INFO] 13:39:39:574 DataNode/(3660:3660): Se cargo correctamente DataNode cuyo nombre es NODO1.
[INFO] 13:39:39:574 DataNode/(3660:3660): Archivo binario de 314572800 bytes encontrado
[INFO] 13:39:39:574 DataNode/(3660:3660): Conexion con FileSystem existosa.
[INFO] 13:39:39:574 DataNode/(3660:3660): Informacion de nodo enviada a FS.
[INFO] 13:39:40:110 DataNode/(3661:3661): Se cargo correctamente DataNode cuyo nombre es NODO2.
[INFO] 13:39:40:110 DataNode/(3661:3661): Archivo binario de 314572800 bytes encontrado
[INFO] 13:39:40:110 DataNode/(3661:3661): Conexion con FileSystem existosa.
[INFO] 13:39:40:111 DataNode/(3661:3661): Informacion de nodo enviada a FS.
[INFO] 13:41:06:860 DataNode/(3661:3661): Escritura en bloque numero: 0
[INFO] 13:41:06:903 DataNode/(3660:3660): Escritura en bloque numero: 0
[INFO] 13:41:06:946 DataNode/(3661:3661): Escritura en bloque numero: 1
[INFO] 13:41:06:964 DataNode/(3660:3660): Escritura en bloque numero: 1
[INFO] 13:41:06:976 DataNode/(3661:3661): Escritura en bloque numero: 2
[INFO] 13:41:06:992 DataNode/(3660:3660): Escritura en bloque numero: 2
[INFO] 13:41:07:3 DataNode/(3661:3661): Escritura en bloque numero: 3
[INFO] 13:41:07:16 DataNode/(3660:3660): Escritura en bloque numero: 3
[INFO] 13:41:07:27 DataNode/(3661:3661): Escritura en bloque numero: 4
[INFO] 13:41:07:71 DataNode/(3660:3660): Escritura en bloque numero: 4
[INFO] 13:41:07:82 DataNode/(3661:3661): Escritura en bloque numero: 5
[INFO] 13:41:07:124 DataNode/(3660:3660): Escritura en bloque numero: 5
[INFO] 13:41:07:139 DataNode/(3661:3661): Escritura en bloque numero: 6
[INFO] 13:41:07:149 DataNode/(3660:3660): Escritura en bloque numero: 6
[INFO] 13:41:07:159 DataNode/(3661:3661): Escritura en bloque numero: 7
[INFO] 13:41:07:173 DataNode/(3660:3660): Escritura en bloque numero: 7
[INFO] 13:41:07:185 DataNode/(3661:3661): Escritura en bloque numero: 8
[INFO] 13:41:07:197 DataNode/(3660:3660): Escritura en bloque numero: 8
[INFO] 13:41:07:213 DataNode/(3661:3661): Escritura en bloque numero: 9
[INFO] 13:41:07:260 DataNode/(3660:3660): Escritura en bloque numero: 9
[INFO] 13:41:07:317 DataNode/(3661:3661): Escritura en bloque numero: 10
[INFO] 13:41:07:329 DataNode/(3660:3660): Escritura en bloque numero: 10
[INFO] 13:41:07:340 DataNode/(3661:3661): Escritura en bloque numero: 11
[INFO] 13:41:07:357 DataNode/(3660:3660): Escritura en bloque numero: 11
[INFO] 13:41:07:371 DataNode/(3661:3661): Escritura en bloque numero: 12
[INFO] 13:41:07:388 DataNode/(3660:3660): Escritura en bloque numero: 12
[INFO] 13:41:07:399 DataNode/(3661:3661): Escritura en bloque numero: 13
[INFO] 13:41:07:412 DataNode/(3660:3660): Escritura en bloque numero: 13
[INFO] 13:41:07:425 DataNode/(3661:3661): Escritura en bloque numero: 14
[INFO] 13:41:07:436 DataNode/(3660:3660): Escritura en bloque numero: 14
[INFO] 13:41:07:450 DataNode/(3661:3661): Escritura en bloque numero: 15
[INFO] 13:41:07:505 DataNode/(3660:3660): Escritura en bloque numero: 15
[INFO] 13:41:07:544 DataNode/(3661:3661): Escritura en bloque numero: 16
[INFO] 13:41:07:557 DataNode/(3660:3660): Escritura en bloque numero: 16
[INFO] 13:41:07:576 DataNode/(3661:3661): Escritura en bloque numero: 17
[INFO] 13:41:07:587 DataNode/(3660:3660): Escritura en bloque numero: 17
[INFO] 13:41:07:598 DataNode/(3661:3661): Escritura en bloque numero: 18
[INFO] 13:41:07:608 DataNode/(3660:3660): Escritura en bloque numero: 18
[INFO] 13:41:07:621 DataNode/(3661:3661): Escritura en bloque numero: 19
[INFO] 13:41:07:662 DataNode/(3660:3660): Escritura en bloque numero: 19
[INFO] 13:41:07:674 DataNode/(3661:3661): Escritura en bloque numero: 20
[INFO] 13:41:07:685 DataNode/(3660:3660): Escritura en bloque numero: 20
[INFO] 13:41:07:702 DataNode/(3661:3661): Escritura en bloque numero: 21
[INFO] 13:41:07:713 DataNode/(3660:3660): Escritura en bloque numero: 21
[INFO] 13:41:07:726 DataNode/(3661:3661): Escritura en bloque numero: 22
[INFO] 13:41:07:736 DataNode/(3660:3660): Escritura en bloque numero: 22
[INFO] 13:41:07:777 DataNode/(3661:3661): Escritura en bloque numero: 23
[INFO] 13:41:07:789 DataNode/(3660:3660): Escritura en bloque numero: 23
[INFO] 13:41:07:800 DataNode/(3661:3661): Escritura en bloque numero: 24
[INFO] 13:41:07:810 DataNode/(3660:3660): Escritura en bloque numero: 24
[INFO] 13:41:07:828 DataNode/(3661:3661): Escritura en bloque numero: 25
[INFO] 13:41:07:839 DataNode/(3660:3660): Escritura en bloque numero: 25
[INFO] 13:41:07:852 DataNode/(3661:3661): Escritura en bloque numero: 26
[INFO] 13:41:07:862 DataNode/(3660:3660): Escritura en bloque numero: 26
[INFO] 13:41:07:933 DataNode/(3661:3661): Escritura en bloque numero: 27
[INFO] 13:41:07:945 DataNode/(3660:3660): Escritura en bloque numero: 27
[INFO] 13:41:07:958 DataNode/(3661:3661): Escritura en bloque numero: 28
[INFO] 13:41:07:974 DataNode/(3660:3660): Escritura en bloque numero: 28
[INFO] 13:41:07:984 DataNode/(3661:3661): Escritura en bloque numero: 29
[INFO] 13:41:07:993 DataNode/(3660:3660): Escritura en bloque numero: 29
[INFO] 13:41:08:12 DataNode/(3661:3661): Escritura en bloque numero: 30
[INFO] 13:41:08:22 DataNode/(3660:3660): Escritura en bloque numero: 30
[INFO] 13:41:08:92 DataNode/(3661:3661): Escritura en bloque numero: 31
[INFO] 13:41:08:105 DataNode/(3660:3660): Escritura en bloque numero: 31
[INFO] 13:41:08:121 DataNode/(3661:3661): Escritura en bloque numero: 32
[INFO] 13:41:08:131 DataNode/(3660:3660): Escritura en bloque numero: 32
[INFO] 13:41:08:142 DataNode/(3661:3661): Escritura en bloque numero: 33
[INFO] 13:41:08:155 DataNode/(3660:3660): Escritura en bloque numero: 33
[INFO] 13:41:08:169 DataNode/(3661:3661): Escritura en bloque numero: 34
[INFO] 13:41:08:179 DataNode/(3660:3660): Escritura en bloque numero: 34
[INFO] 13:41:08:197 DataNode/(3661:3661): Escritura en bloque numero: 35
[INFO] 13:41:08:207 DataNode/(3660:3660): Escritura en bloque numero: 35
[INFO] 13:41:08:224 DataNode/(3661:3661): Escritura en bloque numero: 36
[INFO] 13:41:08:235 DataNode/(3660:3660): Escritura en bloque numero: 36
[INFO] 13:41:08:250 DataNode/(3661:3661): Escritura en bloque numero: 37
[INFO] 13:41:08:260 DataNode/(3660:3660): Escritura en bloque numero: 37
[INFO] 13:41:08:280 DataNode/(3661:3661): Escritura en bloque numero: 38
[INFO] 13:41:08:289 DataNode/(3660:3660): Escritura en bloque numero: 38
[INFO] 13:41:08:300 DataNode/(3661:3661): Escritura en bloque numero: 39
[INFO] 13:41:08:347 DataNode/(3660:3660): Escritura en bloque numero: 39
[INFO] 13:41:08:360 DataNode/(3661:3661): Escritura en bloque numero: 40
[INFO] 13:41:08:370 DataNode/(3660:3660): Escritura en bloque numero: 40
[INFO] 13:41:08:384 DataNode/(3661:3661): Escritura en bloque numero: 41
[INFO] 13:41:08:411 DataNode/(3660:3660): Escritura en bloque numero: 41
[INFO] 13:41:08:423 DataNode/(3661:3661): Escritura en bloque numero: 42
[INFO] 13:41:08:434 DataNode/(3660:3660): Escritura en bloque numero: 42
[INFO] 13:41:08:455 DataNode/(3661:3661): Escritura en bloque numero: 43
[INFO] 13:41:08:465 DataNode/(3660:3660): Escritura en bloque numero: 43
[INFO] 13:41:08:481 DataNode/(3661:3661): Escritura en bloque numero: 44
[INFO] 13:41:08:498 DataNode/(3660:3660): Escritura en bloque numero: 44
[INFO] 13:41:08:555 DataNode/(3661:3661): Escritura en bloque numero: 45
[INFO] 13:41:08:567 DataNode/(3660:3660): Escritura en bloque numero: 45
[INFO] 13:41:08:579 DataNode/(3661:3661): Escritura en bloque numero: 46
[INFO] 13:41:08:595 DataNode/(3660:3660): Escritura en bloque numero: 46
[INFO] 13:41:08:606 DataNode/(3661:3661): Escritura en bloque numero: 47
[INFO] 13:41:08:617 DataNode/(3660:3660): Escritura en bloque numero: 47
[INFO] 13:41:08:634 DataNode/(3661:3661): Escritura en bloque numero: 48
[INFO] 13:41:08:645 DataNode/(3660:3660): Escritura en bloque numero: 48
[INFO] 13:41:08:715 DataNode/(3661:3661): Escritura en bloque numero: 49
[INFO] 13:41:08:729 DataNode/(3660:3660): Escritura en bloque numero: 49
[INFO] 13:41:08:745 DataNode/(3661:3661): Escritura en bloque numero: 50
[INFO] 13:41:08:757 DataNode/(3660:3660): Escritura en bloque numero: 50
[INFO] 13:41:08:767 DataNode/(3661:3661): Escritura en bloque numero: 51
[INFO] 13:41:08:780 DataNode/(3660:3660): Escritura en bloque numero: 51
[INFO] 13:41:08:792 DataNode/(3661:3661): Escritura en bloque numero: 52
[INFO] 13:41:08:803 DataNode/(3660:3660): Escritura en bloque numero: 52
[INFO] 13:41:08:815 DataNode/(3661:3661): Escritura en bloque numero: 53
[INFO] 13:41:08:827 DataNode/(3660:3660): Escritura en bloque numero: 53
[INFO] 13:41:08:842 DataNode/(3661:3661): Escritura en bloque numero: 54
[INFO] 13:41:08:855 DataNode/(3660:3660): Escritura en bloque numero: 54
[INFO] 13:41:08:866 DataNode/(3661:3661): Escritura en bloque numero: 55
[INFO] 13:41:08:880 DataNode/(3660:3660): Escritura en bloque numero: 55
[INFO] 13:41:08:892 DataNode/(3661:3661): Escritura en bloque numero: 56
[INFO] 13:41:08:903 DataNode/(3660:3660): Escritura en bloque numero: 56
[INFO] 13:41:08:929 DataNode/(3661:3661): Escritura en bloque numero: 57
[INFO] 13:41:08:944 DataNode/(3660:3660): Escritura en bloque numero: 57
[INFO] 13:41:08:956 DataNode/(3661:3661): Escritura en bloque numero: 58
[INFO] 13:41:08:971 DataNode/(3660:3660): Escritura en bloque numero: 58
[INFO] 13:41:09:12 DataNode/(3661:3661): Escritura en bloque numero: 59
[INFO] 13:41:09:25 DataNode/(3660:3660): Escritura en bloque numero: 59
[INFO] 13:41:09:52 DataNode/(3661:3661): Escritura en bloque numero: 60
[INFO] 13:41:09:66 DataNode/(3660:3660): Escritura en bloque numero: 60
[INFO] 13:41:09:80 DataNode/(3661:3661): Escritura en bloque numero: 61
[INFO] 13:41:09:120 DataNode/(3660:3660): Escritura en bloque numero: 61
[INFO] 13:41:09:132 DataNode/(3661:3661): Escritura en bloque numero: 62
[INFO] 13:41:09:142 DataNode/(3660:3660): Escritura en bloque numero: 62
[INFO] 13:41:09:159 DataNode/(3661:3661): Escritura en bloque numero: 63
[INFO] 13:41:09:171 DataNode/(3660:3660): Escritura en bloque numero: 63
[INFO] 13:41:09:183 DataNode/(3661:3661): Escritura en bloque numero: 64
[INFO] 13:41:09:195 DataNode/(3660:3660): Escritura en bloque numero: 64
[INFO] 13:41:09:207 DataNode/(3661:3661): Escritura en bloque numero: 65
[INFO] 13:41:09:222 DataNode/(3660:3660): Escritura en bloque numero: 65
[INFO] 13:41:09:281 DataNode/(3661:3661): Escritura en bloque numero: 66
[INFO] 13:41:09:294 DataNode/(3660:3660): Escritura en bloque numero: 66
[INFO] 13:41:09:310 DataNode/(3661:3661): Escritura en bloque numero: 67
[INFO] 13:41:09:320 DataNode/(3660:3660): Escritura en bloque numero: 67
[INFO] 13:41:09:330 DataNode/(3661:3661): Escritura en bloque numero: 68
[INFO] 13:41:09:344 DataNode/(3660:3660): Escritura en bloque numero: 68
[INFO] 13:41:09:357 DataNode/(3661:3661): Escritura en bloque numero: 69
[INFO] 13:41:09:369 DataNode/(3660:3660): Escritura en bloque numero: 69
[INFO] 13:41:09:424 DataNode/(3661:3661): Escritura en bloque numero: 70
[INFO] 13:41:09:434 DataNode/(3660:3660): Escritura en bloque numero: 70
[INFO] 13:41:09:449 DataNode/(3661:3661): Escritura en bloque numero: 71
[INFO] 13:41:09:463 DataNode/(3660:3660): Escritura en bloque numero: 71
[INFO] 13:41:09:475 DataNode/(3661:3661): Escritura en bloque numero: 72
[INFO] 13:41:09:486 DataNode/(3660:3660): Escritura en bloque numero: 72
[INFO] 13:41:09:498 DataNode/(3661:3661): Escritura en bloque numero: 73
[INFO] 13:41:09:509 DataNode/(3660:3660): Escritura en bloque numero: 73
[INFO] 13:41:09:603 DataNode/(3661:3661): Escritura en bloque numero: 74
[INFO] 13:41:09:616 DataNode/(3660:3660): Escritura en bloque numero: 74
[INFO] 13:41:09:634 DataNode/(3661:3661): Escritura en bloque numero: 75
[INFO] 13:41:09:648 DataNode/(3660:3660): Escritura en bloque numero: 75
[INFO] 13:41:09:658 DataNode/(3661:3661): Escritura en bloque numero: 76
[INFO] 13:41:09:668 DataNode/(3660:3660): Escritura en bloque numero: 76
[INFO] 13:41:09:681 DataNode/(3661:3661): Escritura en bloque numero: 77
[INFO] 13:41:09:691 DataNode/(3660:3660): Escritura en bloque numero: 77
[INFO] 13:41:09:812 DataNode/(3661:3661): Escritura en bloque numero: 78
[INFO] 13:41:09:824 DataNode/(3660:3660): Escritura en bloque numero: 78
[INFO] 13:41:09:842 DataNode/(3661:3661): Escritura en bloque numero: 79
[INFO] 13:41:09:855 DataNode/(3660:3660): Escritura en bloque numero: 79
[INFO] 13:41:09:865 DataNode/(3661:3661): Escritura en bloque numero: 80
[INFO] 13:41:09:876 DataNode/(3660:3660): Escritura en bloque numero: 80
[INFO] 13:41:09:888 DataNode/(3661:3661): Escritura en bloque numero: 81
[INFO] 13:41:09:897 DataNode/(3660:3660): Escritura en bloque numero: 81
[INFO] 13:41:09:914 DataNode/(3661:3661): Escritura en bloque numero: 82
[INFO] 13:41:09:926 DataNode/(3660:3660): Escritura en bloque numero: 82
[INFO] 13:41:09:940 DataNode/(3661:3661): Escritura en bloque numero: 83
[INFO] 13:41:09:950 DataNode/(3660:3660): Escritura en bloque numero: 83
[INFO] 13:41:10:16 DataNode/(3661:3661): Escritura en bloque numero: 84
[INFO] 13:41:10:26 DataNode/(3660:3660): Escritura en bloque numero: 84
[INFO] 13:41:10:116 DataNode/(3661:3661): Escritura en bloque numero: 85
[INFO] 13:41:10:172 DataNode/(3660:3660): Escritura en bloque numero: 85
[INFO] 13:41:10:224 DataNode/(3661:3661): Escritura en bloque numero: 86
[INFO] 13:41:10:237 DataNode/(3660:3660): Escritura en bloque numero: 86
[INFO] 13:41:10:399 DataNode/(3661:3661): Escritura en bloque numero: 87
[INFO] 13:41:10:411 DataNode/(3660:3660): Escritura en bloque numero: 87
[INFO] 13:41:10:424 DataNode/(3661:3661): Escritura en bloque numero: 88
[INFO] 13:41:10:438 DataNode/(3660:3660): Escritura en bloque numero: 88
[INFO] 13:41:10:450 DataNode/(3661:3661): Escritura en bloque numero: 89
[INFO] 13:41:10:463 DataNode/(3660:3660): Escritura en bloque numero: 89
[INFO] 13:41:10:475 DataNode/(3661:3661): Escritura en bloque numero: 90
[INFO] 13:41:10:591 DataNode/(3660:3660): Escritura en bloque numero: 90
[INFO] 13:41:10:606 DataNode/(3661:3661): Escritura en bloque numero: 91
[INFO] 13:41:10:622 DataNode/(3660:3660): Escritura en bloque numero: 91
[INFO] 13:41:10:634 DataNode/(3661:3661): Escritura en bloque numero: 92
[INFO] 13:41:10:645 DataNode/(3660:3660): Escritura en bloque numero: 92
[INFO] 13:41:10:662 DataNode/(3661:3661): Escritura en bloque numero: 93
[INFO] 13:41:10:672 DataNode/(3660:3660): Escritura en bloque numero: 93
[INFO] 13:41:10:735 DataNode/(3661:3661): Escritura en bloque numero: 94
[INFO] 13:41:10:748 DataNode/(3660:3660): Escritura en bloque numero: 94
[INFO] 13:41:10:764 DataNode/(3661:3661): Escritura en bloque numero: 95
[INFO] 13:41:10:776 DataNode/(3660:3660): Escritura en bloque numero: 95
[INFO] 13:41:10:787 DataNode/(3661:3661): Escritura en bloque numero: 96
[INFO] 13:41:10:798 DataNode/(3660:3660): Escritura en bloque numero: 96
[INFO] 13:41:10:811 DataNode/(3661:3661): Escritura en bloque numero: 97
[INFO] 13:41:10:822 DataNode/(3660:3660): Escritura en bloque numero: 97
[INFO] 13:41:10:863 DataNode/(3661:3661): Escritura en bloque numero: 98
[INFO] 13:41:10:873 DataNode/(3660:3660): Escritura en bloque numero: 98
[INFO] 13:41:10:889 DataNode/(3661:3661): Escritura en bloque numero: 99
[INFO] 13:41:10:903 DataNode/(3660:3660): Escritura en bloque numero: 99
[INFO] 13:41:10:915 DataNode/(3661:3661): Escritura en bloque numero: 100
[INFO] 13:41:10:926 DataNode/(3660:3660): Escritura en bloque numero: 100
[INFO] 13:41:10:938 DataNode/(3661:3661): Escritura en bloque numero: 101
[INFO] 13:41:11:80 DataNode/(3660:3660): Escritura en bloque numero: 101
[INFO] 13:41:11:94 DataNode/(3661:3661): Escritura en bloque numero: 102
[INFO] 13:41:11:110 DataNode/(3660:3660): Escritura en bloque numero: 102
[INFO] 13:41:11:122 DataNode/(3661:3661): Escritura en bloque numero: 103
[INFO] 13:41:11:133 DataNode/(3660:3660): Escritura en bloque numero: 103
[INFO] 13:41:11:148 DataNode/(3661:3661): Escritura en bloque numero: 104
[INFO] 13:41:11:158 DataNode/(3660:3660): Escritura en bloque numero: 104
[INFO] 13:41:11:169 DataNode/(3661:3661): Escritura en bloque numero: 105
[INFO] 13:41:11:185 DataNode/(3660:3660): Escritura en bloque numero: 105
[INFO] 13:41:11:199 DataNode/(3661:3661): Escritura en bloque numero: 106
[INFO] 13:41:11:213 DataNode/(3660:3660): Escritura en bloque numero: 106
[INFO] 13:41:11:225 DataNode/(3661:3661): Escritura en bloque numero: 107
[INFO] 13:41:11:236 DataNode/(3660:3660): Escritura en bloque numero: 107
[INFO] 13:41:11:275 DataNode/(3661:3661): Escritura en bloque numero: 108
[INFO] 13:41:11:284 DataNode/(3660:3660): Escritura en bloque numero: 108
[INFO] 13:41:11:297 DataNode/(3661:3661): Escritura en bloque numero: 109
[INFO] 13:41:11:307 DataNode/(3660:3660): Escritura en bloque numero: 109
[INFO] 13:41:11:321 DataNode/(3661:3661): Escritura en bloque numero: 110
[INFO] 13:41:11:335 DataNode/(3660:3660): Escritura en bloque numero: 110
[INFO] 13:41:11:346 DataNode/(3661:3661): Escritura en bloque numero: 111
[INFO] 13:41:11:361 DataNode/(3660:3660): Escritura en bloque numero: 111
[INFO] 13:41:11:418 DataNode/(3661:3661): Escritura en bloque numero: 112
[INFO] 13:41:11:431 DataNode/(3660:3660): Escritura en bloque numero: 112
[INFO] 13:41:11:488 DataNode/(3661:3661): Escritura en bloque numero: 113
[INFO] 13:41:11:539 DataNode/(3660:3660): Escritura en bloque numero: 113
[INFO] 13:41:11:554 DataNode/(3661:3661): Escritura en bloque numero: 114
[INFO] 13:41:11:564 DataNode/(3660:3660): Escritura en bloque numero: 114
[INFO] 13:41:11:576 DataNode/(3661:3661): Escritura en bloque numero: 115
[INFO] 13:41:11:619 DataNode/(3660:3660): Escritura en bloque numero: 115
[INFO] 13:41:11:662 DataNode/(3661:3661): Escritura en bloque numero: 116
[INFO] 13:41:11:675 DataNode/(3660:3660): Escritura en bloque numero: 116
[INFO] 13:41:11:686 DataNode/(3661:3661): Escritura en bloque numero: 117
[INFO] 13:41:11:695 DataNode/(3660:3660): Escritura en bloque numero: 117
[INFO] 13:41:11:711 DataNode/(3661:3661): Escritura en bloque numero: 118
[INFO] 13:41:11:722 DataNode/(3660:3660): Escritura en bloque numero: 118
[INFO] 13:41:11:733 DataNode/(3661:3661): Escritura en bloque numero: 119
[INFO] 13:41:11:742 DataNode/(3660:3660): Escritura en bloque numero: 119
[INFO] 13:41:11:755 DataNode/(3661:3661): Escritura en bloque numero: 120
[INFO] 13:41:11:771 DataNode/(3660:3660): Escritura en bloque numero: 120
[INFO] 13:41:11:816 DataNode/(3661:3661): Escritura en bloque numero: 121
[INFO] 13:41:11:826 DataNode/(3660:3660): Escritura en bloque numero: 121
[INFO] 13:41:11:839 DataNode/(3661:3661): Escritura en bloque numero: 122
[INFO] 13:41:11:848 DataNode/(3660:3660): Escritura en bloque numero: 122
[INFO] 13:41:11:864 DataNode/(3661:3661): Escritura en bloque numero: 123
[INFO] 13:41:11:874 DataNode/(3660:3660): Escritura en bloque numero: 123
[INFO] 13:41:11:887 DataNode/(3661:3661): Escritura en bloque numero: 124
[INFO] 13:41:11:940 DataNode/(3660:3660): Escritura en bloque numero: 124
[INFO] 13:41:11:953 DataNode/(3661:3661): Escritura en bloque numero: 125
[INFO] 13:41:11:963 DataNode/(3660:3660): Escritura en bloque numero: 125
[INFO] 13:41:11:975 DataNode/(3661:3661): Escritura en bloque numero: 126
[INFO] 13:41:11:990 DataNode/(3660:3660): Escritura en bloque numero: 126
[INFO] 13:41:11:0 DataNode/(3661:3661): Escritura en bloque numero: 127
[INFO] 13:41:12:10 DataNode/(3660:3660): Escritura en bloque numero: 127
[INFO] 13:41:12:22 DataNode/(3661:3661): Escritura en bloque numero: 128
[INFO] 13:41:12:83 DataNode/(3660:3660): Escritura en bloque numero: 128
[INFO] 13:41:12:95 DataNode/(3661:3661): Escritura en bloque numero: 129
[INFO] 13:41:12:106 DataNode/(3660:3660): Escritura en bloque numero: 129
[INFO] 13:41:12:122 DataNode/(3661:3661): Escritura en bloque numero: 130
[INFO] 13:41:12:132 DataNode/(3660:3660): Escritura en bloque numero: 130
[INFO] 13:41:12:142 DataNode/(3661:3661): Escritura en bloque numero: 131
[INFO] 13:41:12:157 DataNode/(3660:3660): Escritura en bloque numero: 131
[INFO] 13:41:12:169 DataNode/(3661:3661): Escritura en bloque numero: 132
[INFO] 13:41:12:277 DataNode/(3660:3660): Escritura en bloque numero: 132
[INFO] 13:41:12:289 DataNode/(3661:3661): Escritura en bloque numero: 133
[INFO] 13:41:12:302 DataNode/(3660:3660): Escritura en bloque numero: 133
[INFO] 13:41:12:322 DataNode/(3661:3661): Escritura en bloque numero: 134
[INFO] 13:41:12:341 DataNode/(3660:3660): Escritura en bloque numero: 134
[INFO] 13:41:12:353 DataNode/(3661:3661): Escritura en bloque numero: 135
[INFO] 13:41:12:362 DataNode/(3660:3660): Escritura en bloque numero: 135
[INFO] 13:41:12:378 DataNode/(3661:3661): Escritura en bloque numero: 136
[INFO] 13:41:12:388 DataNode/(3660:3660): Escritura en bloque numero: 136
[INFO] 13:41:12:403 DataNode/(3661:3661): Escritura en bloque numero: 137
[INFO] 13:41:12:414 DataNode/(3660:3660): Escritura en bloque numero: 137
[INFO] 13:41:12:446 DataNode/(3661:3661): Escritura en bloque numero: 138
[INFO] 13:41:12:458 DataNode/(3660:3660): Escritura en bloque numero: 138
[INFO] 13:41:12:475 DataNode/(3661:3661): Escritura en bloque numero: 139
[INFO] 13:41:12:487 DataNode/(3660:3660): Escritura en bloque numero: 139
[INFO] 13:41:12:506 DataNode/(3661:3661): Escritura en bloque numero: 140
[INFO] 13:41:12:518 DataNode/(3660:3660): Escritura en bloque numero: 140
[INFO] 13:41:12:536 DataNode/(3661:3661): Escritura en bloque numero: 141
[INFO] 13:41:12:546 DataNode/(3660:3660): Escritura en bloque numero: 141
[INFO] 13:41:12:582 DataNode/(3661:3661): Escritura en bloque numero: 142
[INFO] 13:41:12:595 DataNode/(3660:3660): Escritura en bloque numero: 142
[INFO] 13:41:12:609 DataNode/(3661:3661): Escritura en bloque numero: 143
[INFO] 13:41:12:628 DataNode/(3660:3660): Escritura en bloque numero: 143
[INFO] 13:41:12:642 DataNode/(3661:3661): Escritura en bloque numero: 144
[INFO] 13:41:12:661 DataNode/(3660:3660): Escritura en bloque numero: 144
[INFO] 13:41:12:678 DataNode/(3661:3661): Escritura en bloque numero: 145
[INFO] 13:41:12:693 DataNode/(3660:3660): Escritura en bloque numero: 145
[INFO] 13:41:12:760 DataNode/(3661:3661): Escritura en bloque numero: 146
[INFO] 13:41:12:773 DataNode/(3660:3660): Escritura en bloque numero: 146
[INFO] 13:41:12:789 DataNode/(3661:3661): Escritura en bloque numero: 147
[INFO] 13:41:12:800 DataNode/(3660:3660): Escritura en bloque numero: 147
[INFO] 13:41:12:813 DataNode/(3661:3661): Escritura en bloque numero: 148
[INFO] 13:41:12:823 DataNode/(3660:3660): Escritura en bloque numero: 148
[INFO] 13:41:12:833 DataNode/(3661:3661): Escritura en bloque numero: 149
[INFO] 13:41:12:843 DataNode/(3660:3660): Escritura en bloque numero: 149
[INFO] 13:41:12:918 DataNode/(3661:3661): Escritura en bloque numero: 150
[INFO] 13:41:12:931 DataNode/(3660:3660): Escritura en bloque numero: 150
[INFO] 13:41:12:943 DataNode/(3661:3661): Escritura en bloque numero: 151
[INFO] 13:41:12:958 DataNode/(3660:3660): Escritura en bloque numero: 151
[INFO] 13:41:12:971 DataNode/(3661:3661): Escritura en bloque numero: 152
[INFO] 13:41:12:982 DataNode/(3660:3660): Escritura en bloque numero: 152
[INFO] 13:41:12:993 DataNode/(3661:3661): Escritura en bloque numero: 153
[INFO] 13:41:13:4 DataNode/(3660:3660): Escritura en bloque numero: 153
[INFO] 13:41:13:36 DataNode/(3661:3661): Escritura en bloque numero: 154
[INFO] 13:41:13:48 DataNode/(3660:3660): Escritura en bloque numero: 154
[INFO] 13:41:13:59 DataNode/(3661:3661): Escritura en bloque numero: 155
[INFO] 13:41:13:69 DataNode/(3660:3660): Escritura en bloque numero: 155
[INFO] 13:41:13:85 DataNode/(3661:3661): Escritura en bloque numero: 156
[INFO] 13:41:13:95 DataNode/(3660:3660): Escritura en bloque numero: 156
[INFO] 13:41:13:106 DataNode/(3661:3661): Escritura en bloque numero: 157
[INFO] 13:41:13:116 DataNode/(3660:3660): Escritura en bloque numero: 157
[INFO] 13:41:13:131 DataNode/(3661:3661): Escritura en bloque numero: 158
[INFO] 13:41:13:145 DataNode/(3660:3660): Escritura en bloque numero: 158
[INFO] 13:41:13:156 DataNode/(3661:3661): Escritura en bloque numero: 159
[INFO] 13:41:13:167 DataNode/(3660:3660): Escritura en bloque numero: 159
[INFO] 13:41:13:183 DataNode/(3661:3661): Escritura en bloque numero: 160
[INFO] 13:41:13:198 DataNode/(3660:3660): Escritura en bloque numero: 160
[INFO] 13:41:13:228 DataNode/(3661:3661): Escritura en bloque numero: 161
[INFO] 13:41:13:237 DataNode/(3660:3660): Escritura en bloque numero: 161
[INFO] 13:41:13:249 DataNode/(3661:3661): Escritura en bloque numero: 162
[INFO] 13:41:13:265 DataNode/(3660:3660): Escritura en bloque numero: 162
[INFO] 13:41:13:315 DataNode/(3661:3661): Escritura en bloque numero: 163
[INFO] 13:41:13:328 DataNode/(3660:3660): Escritura en bloque numero: 163
[INFO] 13:41:13:340 DataNode/(3661:3661): Escritura en bloque numero: 164
[INFO] 13:41:13:352 DataNode/(3660:3660): Escritura en bloque numero: 164
[INFO] 13:41:13:362 DataNode/(3661:3661): Escritura en bloque numero: 165
[INFO] 13:41:13:373 DataNode/(3660:3660): Escritura en bloque numero: 165
[INFO] 13:41:13:389 DataNode/(3661:3661): Escritura en bloque numero: 166
[INFO] 13:41:13:400 DataNode/(3660:3660): Escritura en bloque numero: 166
[INFO] 13:41:13:467 DataNode/(3661:3661): Escritura en bloque numero: 167
[INFO] 13:41:13:480 DataNode/(3660:3660): Escritura en bloque numero: 167
[INFO] 13:41:13:498 DataNode/(3661:3661): Escritura en bloque numero: 168
[INFO] 13:41:13:511 DataNode/(3660:3660): Escritura en bloque numero: 168
[INFO] 13:41:13:523 DataNode/(3661:3661): Escritura en bloque numero: 169
[INFO] 13:41:13:541 DataNode/(3660:3660): Escritura en bloque numero: 169
[INFO] 13:41:13:554 DataNode/(3661:3661): Escritura en bloque numero: 170
[INFO] 13:41:13:569 DataNode/(3660:3660): Escritura en bloque numero: 170
[INFO] 13:41:13:668 DataNode/(3661:3661): Escritura en bloque numero: 171
[INFO] 13:41:13:680 DataNode/(3660:3660): Escritura en bloque numero: 171
[INFO] 13:41:13:693 DataNode/(3661:3661): Escritura en bloque numero: 172
[INFO] 13:41:13:707 DataNode/(3660:3660): Escritura en bloque numero: 172
[INFO] 13:41:13:718 DataNode/(3661:3661): Escritura en bloque numero: 173
[INFO] 13:41:13:728 DataNode/(3660:3660): Escritura en bloque numero: 173
[INFO] 13:41:13:749 DataNode/(3661:3661): Escritura en bloque numero: 174
[INFO] 13:41:13:761 DataNode/(3660:3660): Escritura en bloque numero: 174
[INFO] 13:41:13:778 DataNode/(3661:3661): Escritura en bloque numero: 175
[INFO] 13:41:13:789 DataNode/(3660:3660): Escritura en bloque numero: 175
[INFO] 13:41:13:805 DataNode/(3661:3661): Escritura en bloque numero: 176
[INFO] 13:41:13:815 DataNode/(3660:3660): Escritura en bloque numero: 176
[INFO] 13:41:13:828 DataNode/(3661:3661): Escritura en bloque numero: 177
[INFO] 13:41:13:925 DataNode/(3660:3660): Escritura en bloque numero: 177
[INFO] 13:41:13:938 DataNode/(3661:3661): Escritura en bloque numero: 178
[INFO] 13:41:13:955 DataNode/(3660:3660): Escritura en bloque numero: 178
[INFO] 13:41:13:968 DataNode/(3661:3661): Escritura en bloque numero: 179
[INFO] 13:41:14:49 DataNode/(3660:3660): Escritura en bloque numero: 179
[INFO] 13:41:14:63 DataNode/(3661:3661): Escritura en bloque numero: 180
[INFO] 13:41:14:78 DataNode/(3660:3660): Escritura en bloque numero: 180
[INFO] 13:41:14:149 DataNode/(3661:3661): Escritura en bloque numero: 181
[INFO] 13:41:14:161 DataNode/(3660:3660): Escritura en bloque numero: 181
[INFO] 13:41:14:173 DataNode/(3661:3661): Escritura en bloque numero: 182
[INFO] 13:41:14:187 DataNode/(3660:3660): Escritura en bloque numero: 182
[INFO] 13:41:14:200 DataNode/(3661:3661): Escritura en bloque numero: 183
[INFO] 13:41:14:212 DataNode/(3660:3660): Escritura en bloque numero: 183
[INFO] 13:41:14:228 DataNode/(3661:3661): Escritura en bloque numero: 184
[INFO] 13:41:14:239 DataNode/(3660:3660): Escritura en bloque numero: 184
[INFO] 13:41:14:317 DataNode/(3661:3661): Escritura en bloque numero: 185
[INFO] 13:41:14:330 DataNode/(3660:3660): Escritura en bloque numero: 185
[INFO] 13:41:14:343 DataNode/(3661:3661): Escritura en bloque numero: 186
[INFO] 13:41:14:358 DataNode/(3660:3660): Escritura en bloque numero: 186
[INFO] 13:41:14:369 DataNode/(3661:3661): Escritura en bloque numero: 187
[INFO] 13:41:14:381 DataNode/(3660:3660): Escritura en bloque numero: 187
[INFO] 13:41:14:394 DataNode/(3661:3661): Escritura en bloque numero: 188
[INFO] 13:41:14:404 DataNode/(3660:3660): Escritura en bloque numero: 188
[INFO] 13:41:14:510 DataNode/(3661:3661): Escritura en bloque numero: 189
[INFO] 13:41:14:522 DataNode/(3660:3660): Escritura en bloque numero: 189
[INFO] 13:41:14:644 DataNode/(3661:3661): Escritura en bloque numero: 190
[INFO] 13:41:14:876 DataNode/(3660:3660): Escritura en bloque numero: 190
[INFO] 13:41:14:894 DataNode/(3661:3661): Escritura en bloque numero: 191
[INFO] 13:41:15:281 DataNode/(3660:3660): Escritura en bloque numero: 191
[INFO] 13:41:15:382 DataNode/(3661:3661): Escritura en bloque numero: 192
[INFO] 13:41:15:396 DataNode/(3660:3660): Escritura en bloque numero: 192
[INFO] 13:41:15:413 DataNode/(3661:3661): Escritura en bloque numero: 193
[INFO] 13:41:15:432 DataNode/(3660:3660): Escritura en bloque numero: 193
[INFO] 13:41:15:498 DataNode/(3661:3661): Escritura en bloque numero: 194
[INFO] 13:41:15:574 DataNode/(3660:3660): Escritura en bloque numero: 194
[INFO] 13:41:15:591 DataNode/(3661:3661): Escritura en bloque numero: 195
[INFO] 13:41:15:613 DataNode/(3660:3660): Escritura en bloque numero: 195
[INFO] 13:41:15:630 DataNode/(3661:3661): Escritura en bloque numero: 196
[INFO] 13:41:15:648 DataNode/(3660:3660): Escritura en bloque numero: 196
[INFO] 13:41:15:716 DataNode/(3661:3661): Escritura en bloque numero: 197
[INFO] 13:41:15:731 DataNode/(3660:3660): Escritura en bloque numero: 197
[INFO] 13:41:15:753 DataNode/(3661:3661): Escritura en bloque numero: 198
[INFO] 13:41:15:768 DataNode/(3660:3660): Escritura en bloque numero: 198
[INFO] 13:41:15:857 DataNode/(3661:3661): Escritura en bloque numero: 199
[INFO] 13:41:15:874 DataNode/(3660:3660): Escritura en bloque numero: 199
[INFO] 13:41:15:892 DataNode/(3661:3661): Escritura en bloque numero: 200
[INFO] 13:41:16:86 DataNode/(3660:3660): Escritura en bloque numero: 200
[INFO] 13:41:16:102 DataNode/(3661:3661): Escritura en bloque numero: 201
[INFO] 13:41:16:118 DataNode/(3660:3660): Escritura en bloque numero: 201
[INFO] 13:41:16:137 DataNode/(3661:3661): Escritura en bloque numero: 202
[INFO] 13:41:16:153 DataNode/(3660:3660): Escritura en bloque numero: 202
[INFO] 13:41:16:208 DataNode/(3661:3661): Escritura en bloque numero: 203
[INFO] 13:41:16:223 DataNode/(3660:3660): Escritura en bloque numero: 203
[INFO] 13:41:16:318 DataNode/(3661:3661): Escritura en bloque numero: 204
[INFO] 13:41:16:336 DataNode/(3660:3660): Escritura en bloque numero: 204
[INFO] 13:41:16:352 DataNode/(3661:3661): Escritura en bloque numero: 205
[INFO] 13:41:16:366 DataNode/(3660:3660): Escritura en bloque numero: 205
[INFO] 13:41:16:382 DataNode/(3661:3661): Escritura en bloque numero: 206
[INFO] 13:41:16:398 DataNode/(3660:3660): Escritura en bloque numero: 206
[INFO] 13:41:16:414 DataNode/(3661:3661): Escritura en bloque numero: 207
[INFO] 13:41:16:429 DataNode/(3660:3660): Escritura en bloque numero: 207
[INFO] 13:41:16:444 DataNode/(3661:3661): Escritura en bloque numero: 208
[INFO] 13:41:16:459 DataNode/(3660:3660): Escritura en bloque numero: 208
[INFO] 13:41:16:476 DataNode/(3661:3661): Escritura en bloque numero: 209
[INFO] 13:41:16:492 DataNode/(3660:3660): Escritura en bloque numero: 209
[INFO] 13:41:16:516 DataNode/(3661:3661): Escritura en bloque numero: 210
[INFO] 13:41:16:530 DataNode/(3660:3660): Escritura en bloque numero: 210
[INFO] 13:41:16:543 DataNode/(3661:3661): Escritura en bloque numero: 211
[INFO] 13:41:16:552 DataNode/(3660:3660): Escritura en bloque numero: 211
[ERROR] 13:43:29:26 DataNode/(3660:3660): Murio FileSystem. Terminando proceso
[ERROR] 13:43:29:30 DataNode/(3661:3661): Murio FileSystem. Terminando proceso
[INFO] 13:48:16:799 DataNode/(3896:3896): Se cargo correctamente DataNode cuyo nombre es NODO1.
[INFO] 13:48:16:799 DataNode/(3896:3896): Archivo binario de 314572800 bytes encontrado
[INFO] 13:48:16:800 DataNode/(3896:3896): Conexion con FileSystem existosa.
[INFO] 13:48:16:800 DataNode/(3896:3896): Informacion de nodo enviada a FS.
[INFO] 13:48:17:264 DataNode/(3897:3897): Se cargo correctamente DataNode cuyo nombre es NODO2.
[INFO] 13:48:17:264 DataNode/(3897:3897): Archivo binario de 314572800 bytes encontrado
[INFO] 13:48:17:264 DataNode/(3897:3897): Conexion con FileSystem existosa.
[INFO] 13:48:17:264 DataNode/(3897:3897): Informacion de nodo enviada a FS.
[INFO] 13:49:08:283 DataNode/(3897:3897): Escritura en bloque numero: 0
[INFO] 13:49:08:323 DataNode/(3896:3896): Escritura en bloque numero: 0
[INFO] 13:49:08:370 DataNode/(3897:3897): Escritura en bloque numero: 1
[INFO] 13:49:08:391 DataNode/(3896:3896): Escritura en bloque numero: 1
[INFO] 13:49:08:405 DataNode/(3897:3897): Escritura en bloque numero: 2
[INFO] 13:49:08:416 DataNode/(3896:3896): Escritura en bloque numero: 2
[INFO] 13:49:08:427 DataNode/(3897:3897): Escritura en bloque numero: 3
[INFO] 13:49:08:436 DataNode/(3896:3896): Escritura en bloque numero: 3
[INFO] 13:49:08:447 DataNode/(3897:3897): Escritura en bloque numero: 4
[INFO] 13:49:08:468 DataNode/(3896:3896): Escritura en bloque numero: 4
[INFO] 13:49:08:479 DataNode/(3897:3897): Escritura en bloque numero: 5
[INFO] 13:49:08:509 DataNode/(3896:3896): Escritura en bloque numero: 5
[INFO] 13:49:08:519 DataNode/(3897:3897): Escritura en bloque numero: 6
[INFO] 13:49:08:529 DataNode/(3896:3896): Escritura en bloque numero: 6
[INFO] 13:49:08:540 DataNode/(3897:3897): Escritura en bloque numero: 7
[INFO] 13:49:08:549 DataNode/(3896:3896): Escritura en bloque numero: 7
[INFO] 13:49:08:591 DataNode/(3897:3897): Escritura en bloque numero: 8
[INFO] 13:49:08:641 DataNode/(3896:3896): Escritura en bloque numero: 8
[INFO] 13:49:08:654 DataNode/(3897:3897): Escritura en bloque numero: 9
[INFO] 13:49:08:693 DataNode/(3896:3896): Escritura en bloque numero: 9
[INFO] 13:49:08:705 DataNode/(3897:3897): Escritura en bloque numero: 10
[INFO] 13:49:08:715 DataNode/(3896:3896): Escritura en bloque numero: 10
[INFO] 13:49:08:725 DataNode/(3897:3897): Escritura en bloque numero: 11
[INFO] 13:49:08:735 DataNode/(3896:3896): Escritura en bloque numero: 11
[INFO] 13:49:08:746 DataNode/(3897:3897): Escritura en bloque numero: 12
[INFO] 13:49:08:756 DataNode/(3896:3896): Escritura en bloque numero: 12
[INFO] 13:49:08:767 DataNode/(3897:3897): Escritura en bloque numero: 13
[INFO] 13:49:08:828 DataNode/(3896:3896): Escritura en bloque numero: 13
[INFO] 13:49:08:840 DataNode/(3897:3897): Escritura en bloque numero: 14
[INFO] 13:49:08:851 DataNode/(3896:3896): Escritura en bloque numero: 14
[INFO] 13:49:08:864 DataNode/(3897:3897): Escritura en bloque numero: 15
[INFO] 13:49:08:873 DataNode/(3896:3896): Escritura en bloque numero: 15
[INFO] 13:49:08:883 DataNode/(3897:3897): Escritura en bloque numero: 16
[INFO] 13:49:08:895 DataNode/(3896:3896): Escritura en bloque numero: 16
[INFO] 13:49:08:943 DataNode/(3897:3897): Escritura en bloque numero: 17
[INFO] 13:49:08:955 DataNode/(3896:3896): Escritura en bloque numero: 17
[INFO] 13:49:08:965 DataNode/(3897:3897): Escritura en bloque numero: 18
[INFO] 13:49:08:978 DataNode/(3896:3896): Escritura en bloque numero: 18
[INFO] 13:49:08:992 DataNode/(3897:3897): Escritura en bloque numero: 19
[INFO] 13:49:09:3 DataNode/(3896:3896): Escritura en bloque numero: 19
[INFO] 13:49:09:71 DataNode/(3897:3897): Escritura en bloque numero: 20
[INFO] 13:49:09:80 DataNode/(3896:3896): Escritura en bloque numero: 20
[INFO] 13:49:09:93 DataNode/(3897:3897): Escritura en bloque numero: 21
[INFO] 13:49:09:102 DataNode/(3896:3896): Escritura en bloque numero: 21
[INFO] 13:49:09:113 DataNode/(3897:3897): Escritura en bloque numero: 22
[INFO] 13:49:09:123 DataNode/(3896:3896): Escritura en bloque numero: 22
[INFO] 13:49:09:134 DataNode/(3897:3897): Escritura en bloque numero: 23
[INFO] 13:49:09:176 DataNode/(3896:3896): Escritura en bloque numero: 23
[INFO] 13:49:09:212 DataNode/(3897:3897): Escritura en bloque numero: 24
[INFO] 13:49:09:224 DataNode/(3896:3896): Escritura en bloque numero: 24
[INFO] 13:49:09:237 DataNode/(3897:3897): Escritura en bloque numero: 25
[INFO] 13:49:09:247 DataNode/(3896:3896): Escritura en bloque numero: 25
[INFO] 13:49:09:257 DataNode/(3897:3897): Escritura en bloque numero: 26
[INFO] 13:49:09:267 DataNode/(3896:3896): Escritura en bloque numero: 26
[INFO] 13:49:09:278 DataNode/(3897:3897): Escritura en bloque numero: 27
[INFO] 13:49:09:294 DataNode/(3896:3896): Escritura en bloque numero: 27
[INFO] 13:49:09:303 DataNode/(3897:3897): Escritura en bloque numero: 28
[INFO] 13:49:09:317 DataNode/(3896:3896): Escritura en bloque numero: 28
[INFO] 13:49:09:389 DataNode/(3897:3897): Escritura en bloque numero: 29
[INFO] 13:49:09:402 DataNode/(3896:3896): Escritura en bloque numero: 29
[INFO] 13:49:09:413 DataNode/(3897:3897): Escritura en bloque numero: 30
[INFO] 13:49:09:429 DataNode/(3896:3896): Escritura en bloque numero: 30
[INFO] 13:49:09:440 DataNode/(3897:3897): Escritura en bloque numero: 31
[INFO] 13:49:09:453 DataNode/(3896:3896): Escritura en bloque numero: 31
[INFO] 13:49:09:464 DataNode/(3897:3897): Escritura en bloque numero: 32
[INFO] 13:49:09:473 DataNode/(3896:3896): Escritura en bloque numero: 32
[INFO] 13:49:09:573 DataNode/(3897:3897): Escritura en bloque numero: 33
[INFO] 13:49:09:585 DataNode/(3896:3896): Escritura en bloque numero: 33
[INFO] 13:49:09:598 DataNode/(3897:3897): Escritura en bloque numero: 34
[INFO] 13:49:09:614 DataNode/(3896:3896): Escritura en bloque numero: 34
[INFO] 13:49:09:627 DataNode/(3897:3897): Escritura en bloque numero: 35
[INFO] 13:49:09:638 DataNode/(3896:3896): Escritura en bloque numero: 35
[INFO] 13:49:09:652 DataNode/(3897:3897): Escritura en bloque numero: 36
[INFO] 13:49:09:663 DataNode/(3896:3896): Escritura en bloque numero: 36
[INFO] 13:49:09:681 DataNode/(3897:3897): Escritura en bloque numero: 37
[INFO] 13:49:09:690 DataNode/(3896:3896): Escritura en bloque numero: 37
[INFO] 13:49:09:704 DataNode/(3897:3897): Escritura en bloque numero: 38
[INFO] 13:49:09:714 DataNode/(3896:3896): Escritura en bloque numero: 38
[INFO] 13:49:09:728 DataNode/(3897:3897): Escritura en bloque numero: 39
[INFO] 13:49:09:738 DataNode/(3896:3896): Escritura en bloque numero: 39
[INFO] 13:49:09:751 DataNode/(3897:3897): Escritura en bloque numero: 40
[INFO] 13:49:09:768 DataNode/(3896:3896): Escritura en bloque numero: 40
[INFO] 13:49:09:778 DataNode/(3897:3897): Escritura en bloque numero: 41
[INFO] 13:49:09:790 DataNode/(3896:3896): Escritura en bloque numero: 41
[INFO] 13:49:09:845 DataNode/(3897:3897): Escritura en bloque numero: 42
[INFO] 13:49:09:861 DataNode/(3896:3896): Escritura en bloque numero: 42
[INFO] 13:49:09:871 DataNode/(3897:3897): Escritura en bloque numero: 43
[INFO] 13:49:09:882 DataNode/(3896:3896): Escritura en bloque numero: 43
[INFO] 13:49:09:893 DataNode/(3897:3897): Escritura en bloque numero: 44
[INFO] 13:49:09:903 DataNode/(3896:3896): Escritura en bloque numero: 44
[INFO] 13:49:09:914 DataNode/(3897:3897): Escritura en bloque numero: 45
[INFO] 13:49:09:945 DataNode/(3896:3896): Escritura en bloque numero: 45
[INFO] 13:49:09:956 DataNode/(3897:3897): Escritura en bloque numero: 46
[INFO] 13:49:09:965 DataNode/(3896:3896): Escritura en bloque numero: 46
[INFO] 13:49:10:4 DataNode/(3897:3897): Escritura en bloque numero: 47
[INFO] 13:49:10:13 DataNode/(3896:3896): Escritura en bloque numero: 47
[INFO] 13:49:10:61 DataNode/(3897:3897): Escritura en bloque numero: 48
[INFO] 13:49:10:73 DataNode/(3896:3896): Escritura en bloque numero: 48
[INFO] 13:49:10:84 DataNode/(3897:3897): Escritura en bloque numero: 49
[INFO] 13:49:10:97 DataNode/(3896:3896): Escritura en bloque numero: 49
[INFO] 13:49:10:120 DataNode/(3897:3897): Escritura en bloque numero: 50
[INFO] 13:49:10:133 DataNode/(3896:3896): Escritura en bloque numero: 50
[INFO] 13:49:10:185 DataNode/(3897:3897): Escritura en bloque numero: 51
[INFO] 13:49:10:197 DataNode/(3896:3896): Escritura en bloque numero: 51
[INFO] 13:49:10:208 DataNode/(3897:3897): Escritura en bloque numero: 52
[INFO] 13:49:10:219 DataNode/(3896:3896): Escritura en bloque numero: 52
[INFO] 13:49:10:234 DataNode/(3897:3897): Escritura en bloque numero: 53
[INFO] 13:49:10:243 DataNode/(3896:3896): Escritura en bloque numero: 53
[INFO] 13:49:10:258 DataNode/(3897:3897): Escritura en bloque numero: 54
[INFO] 13:49:10:268 DataNode/(3896:3896): Escritura en bloque numero: 54
[INFO] 13:49:10:329 DataNode/(3897:3897): Escritura en bloque numero: 55
[INFO] 13:49:10:338 DataNode/(3896:3896): Escritura en bloque numero: 55
[INFO] 13:49:10:352 DataNode/(3897:3897): Escritura en bloque numero: 56
[INFO] 13:49:10:364 DataNode/(3896:3896): Escritura en bloque numero: 56
[INFO] 13:49:10:375 DataNode/(3897:3897): Escritura en bloque numero: 57
[INFO] 13:49:10:384 DataNode/(3896:3896): Escritura en bloque numero: 57
[INFO] 13:49:10:395 DataNode/(3897:3897): Escritura en bloque numero: 58
[INFO] 13:49:10:408 DataNode/(3896:3896): Escritura en bloque numero: 58
[INFO] 13:49:10:420 DataNode/(3897:3897): Escritura en bloque numero: 59
[INFO] 13:49:10:479 DataNode/(3896:3896): Escritura en bloque numero: 59
[INFO] 13:49:10:491 DataNode/(3897:3897): Escritura en bloque numero: 60
[INFO] 13:49:10:502 DataNode/(3896:3896): Escritura en bloque numero: 60
[INFO] 13:49:10:516 DataNode/(3897:3897): Escritura en bloque numero: 61
[INFO] 13:49:10:526 DataNode/(3896:3896): Escritura en bloque numero: 61
[INFO] 13:49:10:537 DataNode/(3897:3897): Escritura en bloque numero: 62
[INFO] 13:49:10:546 DataNode/(3896:3896): Escritura en bloque numero: 62
[INFO] 13:49:10:558 DataNode/(3897:3897): Escritura en bloque numero: 63
[INFO] 13:49:10:639 DataNode/(3896:3896): Escritura en bloque numero: 63
[INFO] 13:49:10:652 DataNode/(3897:3897): Escritura en bloque numero: 64
[INFO] 13:49:10:663 DataNode/(3896:3896): Escritura en bloque numero: 64
[INFO] 13:49:10:678 DataNode/(3897:3897): Escritura en bloque numero: 65
[INFO] 13:49:10:688 DataNode/(3896:3896): Escritura en bloque numero: 65
[INFO] 13:49:10:701 DataNode/(3897:3897): Escritura en bloque numero: 66
[INFO] 13:49:10:711 DataNode/(3896:3896): Escritura en bloque numero: 66
[INFO] 13:49:10:722 DataNode/(3897:3897): Escritura en bloque numero: 67
[INFO] 13:49:10:809 DataNode/(3896:3896): Escritura en bloque numero: 67
[INFO] 13:49:10:868 DataNode/(3897:3897): Escritura en bloque numero: 68
[INFO] 13:49:10:881 DataNode/(3896:3896): Escritura en bloque numero: 68
[INFO] 13:49:10:894 DataNode/(3897:3897): Escritura en bloque numero: 69
[INFO] 13:49:10:926 DataNode/(3896:3896): Escritura en bloque numero: 69
[INFO] 13:49:10:942 DataNode/(3897:3897): Escritura en bloque numero: 70
[INFO] 13:49:10:953 DataNode/(3896:3896): Escritura en bloque numero: 70
[INFO] 13:49:10:970 DataNode/(3897:3897): Escritura en bloque numero: 71
[INFO] 13:49:10:979 DataNode/(3896:3896): Escritura en bloque numero: 71
[INFO] 13:49:10:993 DataNode/(3897:3897): Escritura en bloque numero: 72
[INFO] 13:49:11:101 DataNode/(3896:3896): Escritura en bloque numero: 72
[INFO] 13:49:11:114 DataNode/(3897:3897): Escritura en bloque numero: 73
[INFO] 13:49:11:124 DataNode/(3896:3896): Escritura en bloque numero: 73
[INFO] 13:49:11:142 DataNode/(3897:3897): Escritura en bloque numero: 74
[INFO] 13:49:11:152 DataNode/(3896:3896): Escritura en bloque numero: 74
[INFO] 13:49:11:165 DataNode/(3897:3897): Escritura en bloque numero: 75
[INFO] 13:49:11:199 DataNode/(3896:3896): Escritura en bloque numero: 75
[INFO] 13:49:11:210 DataNode/(3897:3897): Escritura en bloque numero: 76
[INFO] 13:49:11:220 DataNode/(3896:3896): Escritura en bloque numero: 76
[INFO] 13:49:11:237 DataNode/(3897:3897): Escritura en bloque numero: 77
[INFO] 13:49:11:246 DataNode/(3896:3896): Escritura en bloque numero: 77
[INFO] 13:49:11:258 DataNode/(3897:3897): Escritura en bloque numero: 78
[INFO] 13:49:11:267 DataNode/(3896:3896): Escritura en bloque numero: 78
[INFO] 13:49:11:309 DataNode/(3897:3897): Escritura en bloque numero: 79
[INFO] 13:49:11:319 DataNode/(3896:3896): Escritura en bloque numero: 79
[INFO] 13:49:11:329 DataNode/(3897:3897): Escritura en bloque numero: 80
[INFO] 13:49:11:411 DataNode/(3896:3896): Escritura en bloque numero: 80
[INFO] 13:49:11:424 DataNode/(3897:3897): Escritura en bloque numero: 81
[INFO] 13:49:11:435 DataNode/(3896:3896): Escritura en bloque numero: 81
[INFO] 13:49:11:452 DataNode/(3897:3897): Escritura en bloque numero: 82
[INFO] 13:49:11:463 DataNode/(3896:3896): Escritura en bloque numero: 82
[INFO] 13:49:11:476 DataNode/(3897:3897): Escritura en bloque numero: 83
[INFO] 13:49:11:488 DataNode/(3896:3896): Escritura en bloque numero: 83
[INFO] 13:49:11:501 DataNode/(3897:3897): Escritura en bloque numero: 84
[INFO] 13:49:11:517 DataNode/(3896:3896): Escritura en bloque numero: 84
[INFO] 13:49:11:529 DataNode/(3897:3897): Escritura en bloque numero: 85
[INFO] 13:49:11:546 DataNode/(3896:3896): Escritura en bloque numero: 85
[INFO] 13:49:11:597 DataNode/(3897:3897): Escritura en bloque numero: 86
[INFO] 13:49:11:609 DataNode/(3896:3896): Escritura en bloque numero: 86
[INFO] 13:49:11:657 DataNode/(3897:3897): Escritura en bloque numero: 87
[INFO] 13:49:11:670 DataNode/(3896:3896): Escritura en bloque numero: 87
[INFO] 13:49:11:749 DataNode/(3897:3897): Escritura en bloque numero: 88
[INFO] 13:49:11:762 DataNode/(3896:3896): Escritura en bloque numero: 88
[INFO] 13:49:11:775 DataNode/(3897:3897): Escritura en bloque numero: 89
[INFO] 13:49:11:786 DataNode/(3896:3896): Escritura en bloque numero: 89
[INFO] 13:49:11:797 DataNode/(3897:3897): Escritura en bloque numero: 90
[INFO] 13:49:11:810 DataNode/(3896:3896): Escritura en bloque numero: 90
[INFO] 13:49:11:821 DataNode/(3897:3897): Escritura en bloque numero: 91
[INFO] 13:49:11:831 DataNode/(3896:3896): Escritura en bloque numero: 91
[INFO] 13:49:11:843 DataNode/(3897:3897): Escritura en bloque numero: 92
[INFO] 13:49:11:922 DataNode/(3896:3896): Escritura en bloque numero: 92
[INFO] 13:49:11:936 DataNode/(3897:3897): Escritura en bloque numero: 93
[INFO] 13:49:11:946 DataNode/(3896:3896): Escritura en bloque numero: 93
[INFO] 13:49:11:963 DataNode/(3897:3897): Escritura en bloque numero: 94
[INFO] 13:49:11:972 DataNode/(3896:3896): Escritura en bloque numero: 94
[INFO] 13:49:11:982 DataNode/(3897:3897): Escritura en bloque numero: 95
[INFO] 13:49:11:993 DataNode/(3896:3896): Escritura en bloque numero: 95
[INFO] 13:49:12:51 DataNode/(3897:3897): Escritura en bloque numero: 96
[INFO] 13:49:12:65 DataNode/(3896:3896): Escritura en bloque numero: 96
[INFO] 13:49:12:77 DataNode/(3897:3897): Escritura en bloque numero: 97
[INFO] 13:49:12:90 DataNode/(3896:3896): Escritura en bloque numero: 97
[INFO] 13:49:12:101 DataNode/(3897:3897): Escritura en bloque numero: 98
[INFO] 13:49:12:113 DataNode/(3896:3896): Escritura en bloque numero: 98
[INFO] 13:49:12:125 DataNode/(3897:3897): Escritura en bloque numero: 99
[INFO] 13:49:12:134 DataNode/(3896:3896): Escritura en bloque numero: 99
[INFO] 13:49:12:207 DataNode/(3897:3897): Escritura en bloque numero: 100
[INFO] 13:49:12:219 DataNode/(3896:3896): Escritura en bloque numero: 100
[INFO] 13:49:12:238 DataNode/(3897:3897): Escritura en bloque numero: 101
[INFO] 13:49:12:249 DataNode/(3896:3896): Escritura en bloque numero: 101
[INFO] 13:49:12:260 DataNode/(3897:3897): Escritura en bloque numero: 102
[INFO] 13:49:12:272 DataNode/(3896:3896): Escritura en bloque numero: 102
[INFO] 13:49:12:282 DataNode/(3897:3897): Escritura en bloque numero: 103
[INFO] 13:49:12:292 DataNode/(3896:3896): Escritura en bloque numero: 103
[INFO] 13:49:12:332 DataNode/(3897:3897): Escritura en bloque numero: 104
[INFO] 13:49:12:375 DataNode/(3896:3896): Escritura en bloque numero: 104
[INFO] 13:49:12:441 DataNode/(3897:3897): Escritura en bloque numero: 105
[INFO] 13:49:12:453 DataNode/(3896:3896): Escritura en bloque numero: 105
[INFO] 13:49:12:466 DataNode/(3897:3897): Escritura en bloque numero: 106
[INFO] 13:49:12:479 DataNode/(3896:3896): Escritura en bloque numero: 106
[INFO] 13:49:12:490 DataNode/(3897:3897): Escritura en bloque numero: 107
[INFO] 13:49:12:503 DataNode/(3896:3896): Escritura en bloque numero: 107
[INFO] 13:49:12:513 DataNode/(3897:3897): Escritura en bloque numero: 108
[INFO] 13:49:12:523 DataNode/(3896:3896): Escritura en bloque numero: 108
[INFO] 13:49:12:550 DataNode/(3897:3897): Escritura en bloque numero: 109
[INFO] 13:49:12:569 DataNode/(3896:3896): Escritura en bloque numero: 109
[INFO] 13:49:12:579 DataNode/(3897:3897): Escritura en bloque numero: 110
[INFO] 13:49:12:588 DataNode/(3896:3896): Escritura en bloque numero: 110
[INFO] 13:49:12:604 DataNode/(3897:3897): Escritura en bloque numero: 111
[INFO] 13:49:12:613 DataNode/(3896:3896): Escritura en bloque numero: 111
[INFO] 13:49:12:625 DataNode/(3897:3897): Escritura en bloque numero: 112
[INFO] 13:49:12:635 DataNode/(3896:3896): Escritura en bloque numero: 112
[INFO] 13:49:12:647 DataNode/(3897:3897): Escritura en bloque numero: 113
[INFO] 13:49:12:694 DataNode/(3896:3896): Escritura en bloque numero: 113
[INFO] 13:49:12:707 DataNode/(3897:3897): Escritura en bloque numero: 114
[INFO] 13:49:12:717 DataNode/(3896:3896): Escritura en bloque numero: 114
[INFO] 13:49:12:732 DataNode/(3897:3897): Escritura en bloque numero: 115
[INFO] 13:49:12:741 DataNode/(3896:3896): Escritura en bloque numero: 115
[INFO] 13:49:12:752 DataNode/(3897:3897): Escritura en bloque numero: 116
[INFO] 13:49:12:763 DataNode/(3896:3896): Escritura en bloque numero: 116
[INFO] 13:49:12:774 DataNode/(3897:3897): Escritura en bloque numero: 117
[INFO] 13:49:12:784 DataNode/(3896:3896): Escritura en bloque numero: 117
[INFO] 13:49:12:795 DataNode/(3897:3897): Escritura en bloque numero: 118
[INFO] 13:49:12:805 DataNode/(3896:3896): Escritura en bloque numero: 118
[INFO] 13:49:12:857 DataNode/(3897:3897): Escritura en bloque numero: 119
[INFO] 13:49:12:866 DataNode/(3896:3896): Escritura en bloque numero: 119
[INFO] 13:49:12:879 DataNode/(3897:3897): Escritura en bloque numero: 120
[INFO] 13:49:12:888 DataNode/(3896:3896): Escritura en bloque numero: 120
[INFO] 13:49:12:972 DataNode/(3897:3897): Escritura en bloque numero: 121
[INFO] 13:49:12:984 DataNode/(3896:3896): Escritura en bloque numero: 121
[INFO] 13:49:12:996 DataNode/(3897:3897): Escritura en bloque numero: 122
[INFO] 13:49:13:11 DataNode/(3896:3896): Escritura en bloque numero: 122
[INFO] 13:49:13:22 DataNode/(3897:3897): Escritura en bloque numero: 123
[INFO] 13:49:13:32 DataNode/(3896:3896): Escritura en bloque numero: 123
[INFO] 13:49:13:47 DataNode/(3897:3897): Escritura en bloque numero: 124
[INFO] 13:49:13:56 DataNode/(3896:3896): Escritura en bloque numero: 124
[INFO] 13:49:13:67 DataNode/(3897:3897): Escritura en bloque numero: 125
[INFO] 13:49:13:77 DataNode/(3896:3896): Escritura en bloque numero: 125
[INFO] 13:49:13:88 DataNode/(3897:3897): Escritura en bloque numero: 126
[INFO] 13:49:13:97 DataNode/(3896:3896): Escritura en bloque numero: 126
[INFO] 13:49:13:108 DataNode/(3897:3897): Escritura en bloque numero: 127
[INFO] 13:49:13:180 DataNode/(3896:3896): Escritura en bloque numero: 127
[INFO] 13:49:13:193 DataNode/(3897:3897): Escritura en bloque numero: 128
[INFO] 13:49:13:205 DataNode/(3896:3896): Escritura en bloque numero: 128
[INFO] 13:49:13:222 DataNode/(3897:3897): Escritura en bloque numero: 129
[INFO] 13:49:13:233 DataNode/(3896:3896): Escritura en bloque numero: 129
[INFO] 13:49:13:246 DataNode/(3897:3897): Escritura en bloque numero: 130
[INFO] 13:49:13:255 DataNode/(3896:3896): Escritura en bloque numero: 130
[INFO] 13:49:13:267 DataNode/(3897:3897): Escritura en bloque numero: 131
[INFO] 13:49:13:323 DataNode/(3896:3896): Escritura en bloque numero: 131
[INFO] 13:49:13:332 DataNode/(3897:3897): Escritura en bloque numero: 132
[INFO] 13:49:13:346 DataNode/(3896:3896): Escritura en bloque numero: 132
[INFO] 13:49:13:359 DataNode/(3897:3897): Escritura en bloque numero: 133
[INFO] 13:49:13:369 DataNode/(3896:3896): Escritura en bloque numero: 133
[INFO] 13:49:13:380 DataNode/(3897:3897): Escritura en bloque numero: 134
[INFO] 13:49:13:389 DataNode/(3896:3896): Escritura en bloque numero: 134
[INFO] 13:49:13:399 DataNode/(3897:3897): Escritura en bloque numero: 135
[INFO] 13:49:13:448 DataNode/(3896:3896): Escritura en bloque numero: 135
[INFO] 13:49:13:460 DataNode/(3897:3897): Escritura en bloque numero: 136
[INFO] 13:49:13:469 DataNode/(3896:3896): Escritura en bloque numero: 136
[INFO] 13:49:13:479 DataNode/(3897:3897): Escritura en bloque numero: 137
[INFO] 13:49:13:489 DataNode/(3896:3896): Escritura en bloque numero: 137
[INFO] 13:49:13:501 DataNode/(3897:3897): Escritura en bloque numero: 138
[INFO] 13:49:13:511 DataNode/(3896:3896): Escritura en bloque numero: 138
[INFO] 13:49:13:522 DataNode/(3897:3897): Escritura en bloque numero: 139
[INFO] 13:49:13:549 DataNode/(3896:3896): Escritura en bloque numero: 139
[INFO] 13:49:13:561 DataNode/(3897:3897): Escritura en bloque numero: 140
[INFO] 13:49:13:572 DataNode/(3896:3896): Escritura en bloque numero: 140
[INFO] 13:49:13:583 DataNode/(3897:3897): Escritura en bloque numero: 141
[INFO] 13:49:13:593 DataNode/(3896:3896): Escritura en bloque numero: 141
[INFO] 13:49:13:604 DataNode/(3897:3897): Escritura en bloque numero: 142
[INFO] 13:49:13:669 DataNode/(3896:3896): Escritura en bloque numero: 142
[INFO] 13:49:13:692 DataNode/(3897:3897): Escritura en bloque numero: 143
[INFO] 13:49:13:750 DataNode/(3896:3896): Escritura en bloque numero: 143
[INFO] 13:49:13:763 DataNode/(3897:3897): Escritura en bloque numero: 144
[INFO] 13:49:13:774 DataNode/(3896:3896): Escritura en bloque numero: 144
[INFO] 13:49:13:792 DataNode/(3897:3897): Escritura en bloque numero: 145
[INFO] 13:49:13:802 DataNode/(3896:3896): Escritura en bloque numero: 145
[INFO] 13:49:13:814 DataNode/(3897:3897): Escritura en bloque numero: 146
[INFO] 13:49:13:823 DataNode/(3896:3896): Escritura en bloque numero: 146
[INFO] 13:49:13:833 DataNode/(3897:3897): Escritura en bloque numero: 147
[INFO] 13:49:13:845 DataNode/(3896:3896): Escritura en bloque numero: 147
[INFO] 13:49:13:856 DataNode/(3897:3897): Escritura en bloque numero: 148
[INFO] 13:49:13:866 DataNode/(3896:3896): Escritura en bloque numero: 148
[INFO] 13:49:13:878 DataNode/(3897:3897): Escritura en bloque numero: 149
[INFO] 13:49:13:887 DataNode/(3896:3896): Escritura en bloque numero: 149
[INFO] 13:49:13:972 DataNode/(3897:3897): Escritura en bloque numero: 150
[INFO] 13:49:13:984 DataNode/(3896:3896): Escritura en bloque numero: 150
[INFO] 13:49:13:0 DataNode/(3897:3897): Escritura en bloque numero: 151
[INFO] 13:49:14:10 DataNode/(3896:3896): Escritura en bloque numero: 151
[INFO] 13:49:14:20 DataNode/(3897:3897): Escritura en bloque numero: 152
[INFO] 13:49:14:29 DataNode/(3896:3896): Escritura en bloque numero: 152
[INFO] 13:49:14:45 DataNode/(3897:3897): Escritura en bloque numero: 153
[INFO] 13:49:14:55 DataNode/(3896:3896): Escritura en bloque numero: 153
[INFO] 13:49:14:104 DataNode/(3897:3897): Escritura en bloque numero: 154
[INFO] 13:49:14:113 DataNode/(3896:3896): Escritura en bloque numero: 154
[INFO] 13:49:14:126 DataNode/(3897:3897): Escritura en bloque numero: 155
[INFO] 13:49:14:140 DataNode/(3896:3896): Escritura en bloque numero: 155
[INFO] 13:49:14:151 DataNode/(3897:3897): Escritura en bloque numero: 156
[INFO] 13:49:14:160 DataNode/(3896:3896): Escritura en bloque numero: 156
[INFO] 13:49:14:175 DataNode/(3897:3897): Escritura en bloque numero: 157
[INFO] 13:49:14:184 DataNode/(3896:3896): Escritura en bloque numero: 157
[INFO] 13:49:14:200 DataNode/(3897:3897): Escritura en bloque numero: 158
[INFO] 13:49:14:210 DataNode/(3896:3896): Escritura en bloque numero: 158
[INFO] 13:49:14:220 DataNode/(3897:3897): Escritura en bloque numero: 159
[INFO] 13:49:14:233 DataNode/(3896:3896): Escritura en bloque numero: 159
[INFO] 13:49:14:250 DataNode/(3897:3897): Escritura en bloque numero: 160
[INFO] 13:49:14:260 DataNode/(3896:3896): Escritura en bloque numero: 160
[INFO] 13:49:14:306 DataNode/(3897:3897): Escritura en bloque numero: 161
[INFO] 13:49:14:321 DataNode/(3896:3896): Escritura en bloque numero: 161
[INFO] 13:49:14:331 DataNode/(3897:3897): Escritura en bloque numero: 162
[INFO] 13:49:14:341 DataNode/(3896:3896): Escritura en bloque numero: 162
[INFO] 13:49:14:354 DataNode/(3897:3897): Escritura en bloque numero: 163
[INFO] 13:49:14:364 DataNode/(3896:3896): Escritura en bloque numero: 163
[INFO] 13:49:14:375 DataNode/(3897:3897): Escritura en bloque numero: 164
[INFO] 13:49:14:396 DataNode/(3896:3896): Escritura en bloque numero: 164
[INFO] 13:49:14:406 DataNode/(3897:3897): Escritura en bloque numero: 165
[INFO] 13:49:14:499 DataNode/(3896:3896): Escritura en bloque numero: 165
[INFO] 13:49:14:512 DataNode/(3897:3897): Escritura en bloque numero: 166
[INFO] 13:49:14:522 DataNode/(3896:3896): Escritura en bloque numero: 166
[INFO] 13:49:14:539 DataNode/(3897:3897): Escritura en bloque numero: 167
[INFO] 13:49:14:549 DataNode/(3896:3896): Escritura en bloque numero: 167
[INFO] 13:49:14:564 DataNode/(3897:3897): Escritura en bloque numero: 168
[INFO] 13:49:14:573 DataNode/(3896:3896): Escritura en bloque numero: 168
[INFO] 13:49:14:584 DataNode/(3897:3897): Escritura en bloque numero: 169
[INFO] 13:49:14:683 DataNode/(3896:3896): Escritura en bloque numero: 169
[INFO] 13:49:14:696 DataNode/(3897:3897): Escritura en bloque numero: 170
[INFO] 13:49:14:707 DataNode/(3896:3896): Escritura en bloque numero: 170
[INFO] 13:49:14:724 DataNode/(3897:3897): Escritura en bloque numero: 171
[INFO] 13:49:14:733 DataNode/(3896:3896): Escritura en bloque numero: 171
[INFO] 13:49:14:743 DataNode/(3897:3897): Escritura en bloque numero: 172
[INFO] 13:49:14:757 DataNode/(3896:3896): Escritura en bloque numero: 172
[INFO] 13:49:14:767 DataNode/(3897:3897): Escritura en bloque numero: 173
[INFO] 13:49:14:866 DataNode/(3896:3896): Escritura en bloque numero: 173
[INFO] 13:49:14:879 DataNode/(3897:3897): Escritura en bloque numero: 174
[INFO] 13:49:14:890 DataNode/(3896:3896): Escritura en bloque numero: 174
[INFO] 13:49:14:905 DataNode/(3897:3897): Escritura en bloque numero: 175
[INFO] 13:49:14:914 DataNode/(3896:3896): Escritura en bloque numero: 175
[INFO] 13:49:14:924 DataNode/(3897:3897): Escritura en bloque numero: 176
[INFO] 13:49:14:936 DataNode/(3896:3896): Escritura en bloque numero: 176
[INFO] 13:49:14:946 DataNode/(3897:3897): Escritura en bloque numero: 177
[INFO] 13:49:15:84 DataNode/(3896:3896): Escritura en bloque numero: 177
[INFO] 13:49:15:97 DataNode/(3897:3897): Escritura en bloque numero: 178
[INFO] 13:49:15:107 DataNode/(3896:3896): Escritura en bloque numero: 178
[INFO] 13:49:15:120 DataNode/(3897:3897): Escritura en bloque numero: 179
[INFO] 13:49:15:129 DataNode/(3896:3896): Escritura en bloque numero: 179
[INFO] 13:49:15:140 DataNode/(3897:3897): Escritura en bloque numero: 180
[INFO] 13:49:15:151 DataNode/(3896:3896): Escritura en bloque numero: 180
[INFO] 13:49:15:162 DataNode/(3897:3897): Escritura en bloque numero: 181
[INFO] 13:49:15:222 DataNode/(3896:3896): Escritura en bloque numero: 181
[INFO] 13:49:15:234 DataNode/(3897:3897): Escritura en bloque numero: 182
[INFO] 13:49:15:244 DataNode/(3896:3896): Escritura en bloque numero: 182
[INFO] 13:49:15:259 DataNode/(3897:3897): Escritura en bloque numero: 183
[INFO] 13:49:15:268 DataNode/(3896:3896): Escritura en bloque numero: 183
[INFO] 13:49:15:278 DataNode/(3897:3897): Escritura en bloque numero: 184
[INFO] 13:49:15:289 DataNode/(3896:3896): Escritura en bloque numero: 184
[INFO] 13:49:15:300 DataNode/(3897:3897): Escritura en bloque numero: 185
[INFO] 13:49:15:379 DataNode/(3896:3896): Escritura en bloque numero: 185
[INFO] 13:49:15:392 DataNode/(3897:3897): Escritura en bloque numero: 186
[INFO] 13:49:15:402 DataNode/(3896:3896): Escritura en bloque numero: 186
[INFO] 13:49:15:416 DataNode/(3897:3897): Escritura en bloque numero: 187
[INFO] 13:49:15:487 DataNode/(3896:3896): Escritura en bloque numero: 187
[INFO] 13:49:15:501 DataNode/(3897:3897): Escritura en bloque numero: 188
[INFO] 13:49:15:511 DataNode/(3896:3896): Escritura en bloque numero: 188
[INFO] 13:49:15:528 DataNode/(3897:3897): Escritura en bloque numero: 189
[INFO] 13:49:15:538 DataNode/(3896:3896): Escritura en bloque numero: 189
[INFO] 13:49:15:553 DataNode/(3897:3897): Escritura en bloque numero: 190
[INFO] 13:49:15:564 DataNode/(3896:3896): Escritura en bloque numero: 190
[INFO] 13:49:15:578 DataNode/(3897:3897): Escritura en bloque numero: 191
[INFO] 13:49:15:630 DataNode/(3896:3896): Escritura en bloque numero: 191
[INFO] 13:49:15:641 DataNode/(3897:3897): Escritura en bloque numero: 192
[INFO] 13:49:15:653 DataNode/(3896:3896): Escritura en bloque numero: 192
[INFO] 13:49:15:664 DataNode/(3897:3897): Escritura en bloque numero: 193
[INFO] 13:49:15:674 DataNode/(3896:3896): Escritura en bloque numero: 193
[INFO] 13:49:15:684 DataNode/(3897:3897): Escritura en bloque numero: 194
[INFO] 13:49:15:740 DataNode/(3896:3896): Escritura en bloque numero: 194
[INFO] 13:49:15:786 DataNode/(3897:3897): Escritura en bloque numero: 195
[INFO] 13:49:15:796 DataNode/(3896:3896): Escritura en bloque numero: 195
[INFO] 13:49:15:810 DataNode/(3897:3897): Escritura en bloque numero: 196
[INFO] 13:49:15:819 DataNode/(3896:3896): Escritura en bloque numero: 196
[INFO] 13:49:15:831 DataNode/(3897:3897): Escritura en bloque numero: 197
[INFO] 13:49:15:841 DataNode/(3896:3896): Escritura en bloque numero: 197
[INFO] 13:49:15:852 DataNode/(3897:3897): Escritura en bloque numero: 198
[INFO] 13:49:15:862 DataNode/(3896:3896): Escritura en bloque numero: 198
[INFO] 13:49:15:948 DataNode/(3897:3897): Escritura en bloque numero: 199
[INFO] 13:49:15:961 DataNode/(3896:3896): Escritura en bloque numero: 199
[INFO] 13:49:15:973 DataNode/(3897:3897): Escritura en bloque numero: 200
[INFO] 13:49:15:987 DataNode/(3896:3896): Escritura en bloque numero: 200
[INFO] 13:49:15:997 DataNode/(3897:3897): Escritura en bloque numero: 201
[INFO] 13:49:16:10 DataNode/(3896:3896): Escritura en bloque numero: 201
[INFO] 13:49:16:21 DataNode/(3897:3897): Escritura en bloque numero: 202
[INFO] 13:49:16:31 DataNode/(3896:3896): Escritura en bloque numero: 202
[INFO] 13:49:16:99 DataNode/(3897:3897): Escritura en bloque numero: 203
[INFO] 13:49:16:111 DataNode/(3896:3896): Escritura en bloque numero: 203
[INFO] 13:49:16:123 DataNode/(3897:3897): Escritura en bloque numero: 204
[INFO] 13:49:16:137 DataNode/(3896:3896): Escritura en bloque numero: 204
[INFO] 13:49:16:148 DataNode/(3897:3897): Escritura en bloque numero: 205
[INFO] 13:49:16:157 DataNode/(3896:3896): Escritura en bloque numero: 205
[INFO] 13:49:16:172 DataNode/(3897:3897): Escritura en bloque numero: 206
[INFO] 13:49:16:182 DataNode/(3896:3896): Escritura en bloque numero: 206
[INFO] 13:49:16:193 DataNode/(3897:3897): Escritura en bloque numero: 207
[INFO] 13:49:16:203 DataNode/(3896:3896): Escritura en bloque numero: 207
[INFO] 13:49:16:214 DataNode/(3897:3897): Escritura en bloque numero: 208
[INFO] 13:49:16:223 DataNode/(3896:3896): Escritura en bloque numero: 208
[INFO] 13:49:16:238 DataNode/(3897:3897): Escritura en bloque numero: 209
[INFO] 13:49:16:247 DataNode/(3896:3896): Escritura en bloque numero: 209
[INFO] 13:49:16:262 DataNode/(3897:3897): Escritura en bloque numero: 210
[INFO] 13:49:16:272 DataNode/(3896:3896): Escritura en bloque numero: 210
[INFO] 13:49:16:276 DataNode/(3897:3897): Escritura en bloque numero: 211
[INFO] 13:49:16:279 DataNode/(3896:3896): Escritura en bloque numero: 211
[ERROR] 13:58:05:267 DataNode/(3896:3896): Murio FileSystem. Terminando proceso
[ERROR] 13:58:05:270 DataNode/(3897:3897): Murio FileSystem. Terminando proceso
[INFO] 14:03:14:535 DataNode/(4155:4155): Se cargo correctamente DataNode cuyo nombre es NODO1.
[INFO] 14:03:14:535 DataNode/(4155:4155): Archivo binario de 314572800 bytes encontrado
[INFO] 14:03:14:541 DataNode/(4155:4155): Conexion con FileSystem existosa.
[INFO] 14:03:14:542 DataNode/(4155:4155): Informacion de nodo enviada a FS.
[INFO] 14:03:15:151 DataNode/(4156:4156): Se cargo correctamente DataNode cuyo nombre es NODO2.
[INFO] 14:03:15:151 DataNode/(4156:4156): Archivo binario de 314572800 bytes encontrado
[INFO] 14:03:15:151 DataNode/(4156:4156): Conexion con FileSystem existosa.
[INFO] 14:03:15:151 DataNode/(4156:4156): Informacion de nodo enviada a FS.
[ERROR] 14:03:18:907 DataNode/(4155:4155): Murio FileSystem. Terminando proceso
[ERROR] 14:03:18:907 DataNode/(4156:4156): Murio FileSystem. Terminando proceso
[INFO] 14:03:28:703 DataNode/(4187:4187): Se cargo correctamente DataNode cuyo nombre es NODO1.
[INFO] 14:03:28:703 DataNode/(4187:4187): Archivo binario de 314572800 bytes encontrado
[INFO] 14:03:28:709 DataNode/(4187:4187): Conexion con FileSystem existosa.
[INFO] 14:03:28:709 DataNode/(4187:4187): Informacion de nodo enviada a FS.
[INFO] 14:03:29:439 DataNode/(4190:4190): Se cargo correctamente DataNode cuyo nombre es NODO2.
[INFO] 14:03:29:439 DataNode/(4190:4190): Archivo binario de 314572800 bytes encontrado
[INFO] 14:03:29:439 DataNode/(4190:4190): Conexion con FileSystem existosa.
[INFO] 14:03:29:440 DataNode/(4190:4190): Informacion de nodo enviada a FS.
[ERROR] 14:03:42:224 DataNode/(4187:4187): Murio FileSystem. Terminando proceso
[ERROR] 14:03:42:224 DataNode/(4190:4190): Murio FileSystem. Terminando proceso
[INFO] 14:03:46:623 DataNode/(4385:4385): Se cargo correctamente DataNode cuyo nombre es NODO2.
[INFO] 14:03:46:623 DataNode/(4385:4385): Archivo binario de 314572800 bytes encontrado
[INFO] 14:03:46:629 DataNode/(4385:4385): Conexion con FileSystem existosa.
[INFO] 14:03:46:629 DataNode/(4385:4385): Informacion de nodo enviada a FS.
[INFO] 14:03:47:199 DataNode/(4386:4386): Se cargo correctamente DataNode cuyo nombre es NODO1.
[INFO] 14:03:47:199 DataNode/(4386:4386): Archivo binario de 314572800 bytes encontrado
[INFO] 14:03:47:199 DataNode/(4386:4386): Conexion con FileSystem existosa.
[INFO] 14:03:47:199 DataNode/(4386:4386): Informacion de nodo enviada a FS.
[INFO] 14:09:48:819 DataNode/(4386:4386): Escritura en bloque numero: 0
[INFO] 14:09:48:871 DataNode/(4385:4385): Escritura en bloque numero: 0
[INFO] 14:09:48:918 DataNode/(4386:4386): Escritura en bloque numero: 1
[INFO] 14:09:48:941 DataNode/(4385:4385): Escritura en bloque numero: 1
[INFO] 14:09:48:962 DataNode/(4386:4386): Escritura en bloque numero: 2
[INFO] 14:09:48:980 DataNode/(4385:4385): Escritura en bloque numero: 2
[INFO] 14:09:48:999 DataNode/(4386:4386): Escritura en bloque numero: 3
[INFO] 14:09:49:20 DataNode/(4385:4385): Escritura en bloque numero: 3
[INFO] 14:09:49:38 DataNode/(4386:4386): Escritura en bloque numero: 4
[INFO] 14:09:49:70 DataNode/(4385:4385): Escritura en bloque numero: 4
[INFO] 14:09:49:89 DataNode/(4386:4386): Escritura en bloque numero: 5
[INFO] 14:09:49:109 DataNode/(4385:4385): Escritura en bloque numero: 5
[INFO] 14:09:49:125 DataNode/(4386:4386): Escritura en bloque numero: 6
[INFO] 14:09:49:144 DataNode/(4385:4385): Escritura en bloque numero: 6
[INFO] 14:09:49:161 DataNode/(4386:4386): Escritura en bloque numero: 7
[INFO] 14:09:49:177 DataNode/(4385:4385): Escritura en bloque numero: 7
[INFO] 14:09:49:263 DataNode/(4386:4386): Escritura en bloque numero: 8
[INFO] 14:09:49:427 DataNode/(4385:4385): Escritura en bloque numero: 8
[INFO] 14:09:49:451 DataNode/(4386:4386): Escritura en bloque numero: 9
[INFO] 14:09:49:470 DataNode/(4385:4385): Escritura en bloque numero: 9
[INFO] 14:09:49:487 DataNode/(4386:4386): Escritura en bloque numero: 10
[INFO] 14:09:49:503 DataNode/(4385:4385): Escritura en bloque numero: 10
[INFO] 14:09:49:520 DataNode/(4386:4386): Escritura en bloque numero: 11
[INFO] 14:09:49:536 DataNode/(4385:4385): Escritura en bloque numero: 11
[INFO] 14:09:49:558 DataNode/(4386:4386): Escritura en bloque numero: 12
[INFO] 14:09:49:574 DataNode/(4385:4385): Escritura en bloque numero: 12
[INFO] 14:09:49:594 DataNode/(4386:4386): Escritura en bloque numero: 13
[INFO] 14:09:49:664 DataNode/(4385:4385): Escritura en bloque numero: 13
[INFO] 14:09:49:687 DataNode/(4386:4386): Escritura en bloque numero: 14
[INFO] 14:09:49:707 DataNode/(4385:4385): Escritura en bloque numero: 14
[INFO] 14:09:49:724 DataNode/(4386:4386): Escritura en bloque numero: 15
[INFO] 14:09:49:739 DataNode/(4385:4385): Escritura en bloque numero: 15
[INFO] 14:09:49:756 DataNode/(4386:4386): Escritura en bloque numero: 16
[INFO] 14:09:49:771 DataNode/(4385:4385): Escritura en bloque numero: 16
[INFO] 14:09:49:792 DataNode/(4386:4386): Escritura en bloque numero: 17
[INFO] 14:09:49:808 DataNode/(4385:4385): Escritura en bloque numero: 17
[INFO] 14:09:49:828 DataNode/(4386:4386): Escritura en bloque numero: 18
[INFO] 14:09:49:856 DataNode/(4385:4385): Escritura en bloque numero: 18
[INFO] 14:09:49:873 DataNode/(4386:4386): Escritura en bloque numero: 19
[INFO] 14:09:49:893 DataNode/(4385:4385): Escritura en bloque numero: 19
[INFO] 14:09:49:910 DataNode/(4386:4386): Escritura en bloque numero: 20
[INFO] 14:09:49:925 DataNode/(4385:4385): Escritura en bloque numero: 20
[INFO] 14:09:49:946 DataNode/(4386:4386): Escritura en bloque numero: 21
[INFO] 14:09:49:962 DataNode/(4385:4385): Escritura en bloque numero: 21
[INFO] 14:09:49:982 DataNode/(4386:4386): Escritura en bloque numero: 22
[INFO] 14:09:49:997 DataNode/(4385:4385): Escritura en bloque numero: 22
[INFO] 14:09:50:31 DataNode/(4386:4386): Escritura en bloque numero: 23
[INFO] 14:09:50:46 DataNode/(4385:4385): Escritura en bloque numero: 23
[INFO] 14:09:50:63 DataNode/(4386:4386): Escritura en bloque numero: 24
[INFO] 14:09:50:79 DataNode/(4385:4385): Escritura en bloque numero: 24
[INFO] 14:09:50:99 DataNode/(4386:4386): Escritura en bloque numero: 25
[INFO] 14:09:50:116 DataNode/(4385:4385): Escritura en bloque numero: 25
[INFO] 14:09:50:136 DataNode/(4386:4386): Escritura en bloque numero: 26
[INFO] 14:09:50:153 DataNode/(4385:4385): Escritura en bloque numero: 26
[INFO] 14:09:50:169 DataNode/(4386:4386): Escritura en bloque numero: 27
[INFO] 14:09:50:185 DataNode/(4385:4385): Escritura en bloque numero: 27
[INFO] 14:09:50:203 DataNode/(4386:4386): Escritura en bloque numero: 28
[INFO] 14:09:50:222 DataNode/(4385:4385): Escritura en bloque numero: 28
[INFO] 14:09:50:240 DataNode/(4386:4386): Escritura en bloque numero: 29
[INFO] 14:09:50:260 DataNode/(4385:4385): Escritura en bloque numero: 29
[INFO] 14:09:50:277 DataNode/(4386:4386): Escritura en bloque numero: 30
[INFO] 14:09:50:292 DataNode/(4385:4385): Escritura en bloque numero: 30
[INFO] 14:09:50:309 DataNode/(4386:4386): Escritura en bloque numero: 31
[INFO] 14:09:50:326 DataNode/(4385:4385): Escritura en bloque numero: 31
[INFO] 14:09:50:347 DataNode/(4386:4386): Escritura en bloque numero: 32
[INFO] 14:09:50:363 DataNode/(4385:4385): Escritura en bloque numero: 32
[INFO] 14:09:50:411 DataNode/(4386:4386): Escritura en bloque numero: 33
[INFO] 14:09:50:432 DataNode/(4385:4385): Escritura en bloque numero: 33
[INFO] 14:09:50:454 DataNode/(4386:4386): Escritura en bloque numero: 34
[INFO] 14:09:50:470 DataNode/(4385:4385): Escritura en bloque numero: 34
[INFO] 14:09:50:491 DataNode/(4386:4386): Escritura en bloque numero: 35
[INFO] 14:09:50:511 DataNode/(4385:4385): Escritura en bloque numero: 35
[INFO] 14:09:50:528 DataNode/(4386:4386): Escritura en bloque numero: 36
[INFO] 14:09:50:548 DataNode/(4385:4385): Escritura en bloque numero: 36
[INFO] 14:09:50:566 DataNode/(4386:4386): Escritura en bloque numero: 37
[INFO] 14:09:50:581 DataNode/(4385:4385): Escritura en bloque numero: 37
[INFO] 14:09:50:601 DataNode/(4386:4386): Escritura en bloque numero: 38
[INFO] 14:09:50:617 DataNode/(4385:4385): Escritura en bloque numero: 38
[INFO] 14:09:50:638 DataNode/(4386:4386): Escritura en bloque numero: 39
[INFO] 14:09:50:687 DataNode/(4385:4385): Escritura en bloque numero: 39
[INFO] 14:09:50:710 DataNode/(4386:4386): Escritura en bloque numero: 40
[INFO] 14:09:50:728 DataNode/(4385:4385): Escritura en bloque numero: 40
[INFO] 14:09:50:747 DataNode/(4386:4386): Escritura en bloque numero: 41
[INFO] 14:09:50:762 DataNode/(4385:4385): Escritura en bloque numero: 41
[INFO] 14:09:50:779 DataNode/(4386:4386): Escritura en bloque numero: 42
[INFO] 14:09:50:795 DataNode/(4385:4385): Escritura en bloque numero: 42
[INFO] 14:09:50:866 DataNode/(4386:4386): Escritura en bloque numero: 43
[INFO] 14:09:50:888 DataNode/(4385:4385): Escritura en bloque numero: 43
[INFO] 14:09:50:908 DataNode/(4386:4386): Escritura en bloque numero: 44
[INFO] 14:09:50:923 DataNode/(4385:4385): Escritura en bloque numero: 44
[INFO] 14:09:50:943 DataNode/(4386:4386): Escritura en bloque numero: 45
[INFO] 14:09:50:959 DataNode/(4385:4385): Escritura en bloque numero: 45
[INFO] 14:09:50:976 DataNode/(4386:4386): Escritura en bloque numero: 46
[INFO] 14:09:50:997 DataNode/(4385:4385): Escritura en bloque numero: 46
[INFO] 14:09:51:14 DataNode/(4386:4386): Escritura en bloque numero: 47
[INFO] 14:09:51:33 DataNode/(4385:4385): Escritura en bloque numero: 47
[INFO] 14:09:51:51 DataNode/(4386:4386): Escritura en bloque numero: 48
[INFO] 14:09:51:73 DataNode/(4385:4385): Escritura en bloque numero: 48
[INFO] 14:09:51:94 DataNode/(4386:4386): Escritura en bloque numero: 49
[INFO] 14:09:51:109 DataNode/(4385:4385): Escritura en bloque numero: 49
[INFO] 14:09:51:130 DataNode/(4386:4386): Escritura en bloque numero: 50
[INFO] 14:09:51:159 DataNode/(4385:4385): Escritura en bloque numero: 50
[INFO] 14:09:51:175 DataNode/(4386:4386): Escritura en bloque numero: 51
[INFO] 14:09:51:192 DataNode/(4385:4385): Escritura en bloque numero: 51
[INFO] 14:09:51:213 DataNode/(4386:4386): Escritura en bloque numero: 52
[INFO] 14:09:51:229 DataNode/(4385:4385): Escritura en bloque numero: 52
[INFO] 14:09:51:250 DataNode/(4386:4386): Escritura en bloque numero: 53
[INFO] 14:09:51:266 DataNode/(4385:4385): Escritura en bloque numero: 53
[INFO] 14:09:51:284 DataNode/(4386:4386): Escritura en bloque numero: 54
[INFO] 14:09:51:299 DataNode/(4385:4385): Escritura en bloque numero: 54
[INFO] 14:09:51:333 DataNode/(4386:4386): Escritura en bloque numero: 55
[INFO] 14:09:51:348 DataNode/(4385:4385): Escritura en bloque numero: 55
[INFO] 14:09:51:369 DataNode/(4386:4386): Escritura en bloque numero: 56
[INFO] 14:09:51:385 DataNode/(4385:4385): Escritura en bloque numero: 56
[INFO] 14:09:51:406 DataNode/(4386:4386): Escritura en bloque numero: 57
[INFO] 14:09:51:451 DataNode/(4385:4385): Escritura en bloque numero: 57
[INFO] 14:09:51:469 DataNode/(4386:4386): Escritura en bloque numero: 58
[INFO] 14:09:51:487 DataNode/(4385:4385): Escritura en bloque numero: 58
[INFO] 14:09:51:504 DataNode/(4386:4386): Escritura en bloque numero: 59
[INFO] 14:09:51:524 DataNode/(4385:4385): Escritura en bloque numero: 59
[INFO] 14:09:51:541 DataNode/(4386:4386): Escritura en bloque numero: 60
[INFO] 14:09:51:557 DataNode/(4385:4385): Escritura en bloque numero: 60
[INFO] 14:09:51:574 DataNode/(4386:4386): Escritura en bloque numero: 61
[INFO] 14:09:51:589 DataNode/(4385:4385): Escritura en bloque numero: 61
[INFO] 14:09:51:609 DataNode/(4386:4386): Escritura en bloque numero: 62
[INFO] 14:09:51:625 DataNode/(4385:4385): Escritura en bloque numero: 62
[INFO] 14:09:51:668 DataNode/(4386:4386): Escritura en bloque numero: 63
[INFO] 14:09:51:684 DataNode/(4385:4385): Escritura en bloque numero: 63
[INFO] 14:09:51:704 DataNode/(4386:4386): Escritura en bloque numero: 64
[INFO] 14:09:51:721 DataNode/(4385:4385): Escritura en bloque numero: 64
[INFO] 14:09:51:742 DataNode/(4386:4386): Escritura en bloque numero: 65
[INFO] 14:09:51:759 DataNode/(4385:4385): Escritura en bloque numero: 65
[INFO] 14:09:51:775 DataNode/(4386:4386): Escritura en bloque numero: 66
[INFO] 14:09:51:791 DataNode/(4385:4385): Escritura en bloque numero: 66
[INFO] 14:09:51:808 DataNode/(4386:4386): Escritura en bloque numero: 67
[INFO] 14:09:51:827 DataNode/(4385:4385): Escritura en bloque numero: 67
[INFO] 14:09:51:844 DataNode/(4386:4386): Escritura en bloque numero: 68
[INFO] 14:09:51:864 DataNode/(4385:4385): Escritura en bloque numero: 68
[INFO] 14:09:51:903 DataNode/(4386:4386): Escritura en bloque numero: 69
[INFO] 14:09:51:921 DataNode/(4385:4385): Escritura en bloque numero: 69
[INFO] 14:09:51:938 DataNode/(4386:4386): Escritura en bloque numero: 70
[INFO] 14:09:51:957 DataNode/(4385:4385): Escritura en bloque numero: 70
[INFO] 14:09:51:974 DataNode/(4386:4386): Escritura en bloque numero: 71
[INFO] 14:09:51:989 DataNode/(4385:4385): Escritura en bloque numero: 71
[INFO] 14:09:52:6 DataNode/(4386:4386): Escritura en bloque numero: 72
[INFO] 14:09:52:90 DataNode/(4385:4385): Escritura en bloque numero: 72
[INFO] 14:09:52:121 DataNode/(4386:4386): Escritura en bloque numero: 73
[INFO] 14:09:52:136 DataNode/(4385:4385): Escritura en bloque numero: 73
[INFO] 14:09:52:156 DataNode/(4386:4386): Escritura en bloque numero: 74
[INFO] 14:09:52:234 DataNode/(4385:4385): Escritura en bloque numero: 74
[INFO] 14:09:52:255 DataNode/(4386:4386): Escritura en bloque numero: 75
[INFO] 14:09:52:277 DataNode/(4385:4385): Escritura en bloque numero: 75
[INFO] 14:09:52:294 DataNode/(4386:4386): Escritura en bloque numero: 76
[INFO] 14:09:52:316 DataNode/(4385:4385): Escritura en bloque numero: 76
[INFO] 14:09:52:363 DataNode/(4386:4386): Escritura en bloque numero: 77
[INFO] 14:09:52:433 DataNode/(4385:4385): Escritura en bloque numero: 77
[INFO] 14:09:52:455 DataNode/(4386:4386): Escritura en bloque numero: 78
[INFO] 14:09:52:473 DataNode/(4385:4385): Escritura en bloque numero: 78
[INFO] 14:09:52:490 DataNode/(4386:4386): Escritura en bloque numero: 79
[INFO] 14:09:52:565 DataNode/(4385:4385): Escritura en bloque numero: 79
[INFO] 14:09:52:588 DataNode/(4386:4386): Escritura en bloque numero: 80
[INFO] 14:09:52:610 DataNode/(4385:4385): Escritura en bloque numero: 80
[INFO] 14:09:52:698 DataNode/(4386:4386): Escritura en bloque numero: 81
[INFO] 14:09:52:720 DataNode/(4385:4385): Escritura en bloque numero: 81
[INFO] 14:09:52:739 DataNode/(4386:4386): Escritura en bloque numero: 82
[INFO] 14:09:52:755 DataNode/(4385:4385): Escritura en bloque numero: 82
[INFO] 14:09:52:775 DataNode/(4386:4386): Escritura en bloque numero: 83
[INFO] 14:09:52:792 DataNode/(4385:4385): Escritura en bloque numero: 83
[INFO] 14:09:52:809 DataNode/(4386:4386): Escritura en bloque numero: 84
[INFO] 14:09:52:824 DataNode/(4385:4385): Escritura en bloque numero: 84
[INFO] 14:09:52:948 DataNode/(4386:4386): Escritura en bloque numero: 85
[INFO] 14:09:52:970 DataNode/(4385:4385): Escritura en bloque numero: 85
[INFO] 14:09:52:995 DataNode/(4386:4386): Escritura en bloque numero: 86
[INFO] 14:09:53:11 DataNode/(4385:4385): Escritura en bloque numero: 86
[INFO] 14:09:53:27 DataNode/(4386:4386): Escritura en bloque numero: 87
[INFO] 14:09:53:43 DataNode/(4385:4385): Escritura en bloque numero: 87
[INFO] 14:09:53:61 DataNode/(4386:4386): Escritura en bloque numero: 88
[INFO] 14:09:53:81 DataNode/(4385:4385): Escritura en bloque numero: 88
[INFO] 14:09:53:174 DataNode/(4386:4386): Escritura en bloque numero: 89
[INFO] 14:09:53:195 DataNode/(4385:4385): Escritura en bloque numero: 89
[INFO] 14:09:53:217 DataNode/(4386:4386): Escritura en bloque numero: 90
[INFO] 14:09:53:234 DataNode/(4385:4385): Escritura en bloque numero: 90
[INFO] 14:09:53:251 DataNode/(4386:4386): Escritura en bloque numero: 91
[INFO] 14:09:53:267 DataNode/(4385:4385): Escritura en bloque numero: 91
[INFO] 14:09:53:284 DataNode/(4386:4386): Escritura en bloque numero: 92
[INFO] 14:09:53:304 DataNode/(4385:4385): Escritura en bloque numero: 92
[INFO] 14:09:53:336 DataNode/(4386:4386): Escritura en bloque numero: 93
[INFO] 14:09:53:352 DataNode/(4385:4385): Escritura en bloque numero: 93
[INFO] 14:09:53:372 DataNode/(4386:4386): Escritura en bloque numero: 94
[INFO] 14:09:53:389 DataNode/(4385:4385): Escritura en bloque numero: 94
[INFO] 14:09:53:406 DataNode/(4386:4386): Escritura en bloque numero: 95
[INFO] 14:09:53:422 DataNode/(4385:4385): Escritura en bloque numero: 95
[INFO] 14:09:53:439 DataNode/(4386:4386): Escritura en bloque numero: 96
[INFO] 14:09:53:471 DataNode/(4385:4385): Escritura en bloque numero: 96
[INFO] 14:09:53:490 DataNode/(4386:4386): Escritura en bloque numero: 97
[INFO] 14:09:53:506 DataNode/(4385:4385): Escritura en bloque numero: 97
[INFO] 14:09:53:526 DataNode/(4386:4386): Escritura en bloque numero: 98
[INFO] 14:09:53:542 DataNode/(4385:4385): Escritura en bloque numero: 98
[INFO] 14:09:53:562 DataNode/(4386:4386): Escritura en bloque numero: 99
[INFO] 14:09:53:578 DataNode/(4385:4385): Escritura en bloque numero: 99
[INFO] 14:09:53:595 DataNode/(4386:4386): Escritura en bloque numero: 100
[INFO] 14:09:53:612 DataNode/(4385:4385): Escritura en bloque numero: 100
[INFO] 14:09:53:628 DataNode/(4386:4386): Escritura en bloque numero: 101
[INFO] 14:09:53:647 DataNode/(4385:4385): Escritura en bloque numero: 101
[INFO] 14:09:53:664 DataNode/(4386:4386): Escritura en bloque numero: 102
[INFO] 14:09:53:684 DataNode/(4385:4385): Escritura en bloque numero: 102
[INFO] 14:09:53:701 DataNode/(4386:4386): Escritura en bloque numero: 103
[INFO] 14:09:53:755 DataNode/(4385:4385): Escritura en bloque numero: 103
[INFO] 14:09:53:828 DataNode/(4386:4386): Escritura en bloque numero: 104
[INFO] 14:09:53:850 DataNode/(4385:4385): Escritura en bloque numero: 104
[INFO] 14:09:53:872 DataNode/(4386:4386): Escritura en bloque numero: 105
[INFO] 14:09:53:888 DataNode/(4385:4385): Escritura en bloque numero: 105
[INFO] 14:09:53:909 DataNode/(4386:4386): Escritura en bloque numero: 106
[INFO] 14:09:53:929 DataNode/(4385:4385): Escritura en bloque numero: 106
[INFO] 14:09:54:11 DataNode/(4386:4386): Escritura en bloque numero: 107
[INFO] 14:09:54:33 DataNode/(4385:4385): Escritura en bloque numero: 107
[INFO] 14:09:54:55 DataNode/(4386:4386): Escritura en bloque numero: 108
[INFO] 14:09:54:72 DataNode/(4385:4385): Escritura en bloque numero: 108
[INFO] 14:09:54:89 DataNode/(4386:4386): Escritura en bloque numero: 109
[INFO] 14:09:54:105 DataNode/(4385:4385): Escritura en bloque numero: 109
[INFO] 14:09:54:170 DataNode/(4386:4386): Escritura en bloque numero: 110
[INFO] 14:09:54:187 DataNode/(4385:4385): Escritura en bloque numero: 110
[INFO] 14:09:54:223 DataNode/(4386:4386): Escritura en bloque numero: 111
[INFO] 14:09:54:241 DataNode/(4385:4385): Escritura en bloque numero: 111
[INFO] 14:09:54:258 DataNode/(4386:4386): Escritura en bloque numero: 112
[INFO] 14:09:54:278 DataNode/(4385:4385): Escritura en bloque numero: 112
[INFO] 14:09:54:295 DataNode/(4386:4386): Escritura en bloque numero: 113
[INFO] 14:09:54:314 DataNode/(4385:4385): Escritura en bloque numero: 113
[INFO] 14:09:54:334 DataNode/(4386:4386): Escritura en bloque numero: 114
[INFO] 14:09:54:361 DataNode/(4385:4385): Escritura en bloque numero: 114
[INFO] 14:09:54:379 DataNode/(4386:4386): Escritura en bloque numero: 115
[INFO] 14:09:54:398 DataNode/(4385:4385): Escritura en bloque numero: 115
[INFO] 14:09:54:415 DataNode/(4386:4386): Escritura en bloque numero: 116
[INFO] 14:09:54:435 DataNode/(4385:4385): Escritura en bloque numero: 116
[INFO] 14:09:54:507 DataNode/(4386:4386): Escritura en bloque numero: 117
[INFO] 14:09:54:528 DataNode/(4385:4385): Escritura en bloque numero: 117
[INFO] 14:09:54:553 DataNode/(4386:4386): Escritura en bloque numero: 118
[INFO] 14:09:54:569 DataNode/(4385:4385): Escritura en bloque numero: 118
[INFO] 14:09:54:586 DataNode/(4386:4386): Escritura en bloque numero: 119
[INFO] 14:09:54:606 DataNode/(4385:4385): Escritura en bloque numero: 119
[INFO] 14:09:54:623 DataNode/(4386:4386): Escritura en bloque numero: 120
[INFO] 14:09:54:642 DataNode/(4385:4385): Escritura en bloque numero: 120
[INFO] 14:09:54:660 DataNode/(4386:4386): Escritura en bloque numero: 121
[INFO] 14:09:54:675 DataNode/(4385:4385): Escritura en bloque numero: 121
[INFO] 14:09:54:691 DataNode/(4386:4386): Escritura en bloque numero: 122
[INFO] 14:09:54:708 DataNode/(4385:4385): Escritura en bloque numero: 122
[INFO] 14:09:54:727 DataNode/(4386:4386): Escritura en bloque numero: 123
[INFO] 14:09:54:743 DataNode/(4385:4385): Escritura en bloque numero: 123
[INFO] 14:09:54:764 DataNode/(4386:4386): Escritura en bloque numero: 124
[INFO] 14:09:54:781 DataNode/(4385:4385): Escritura en bloque numero: 124
[INFO] 14:09:54:798 DataNode/(4386:4386): Escritura en bloque numero: 125
[INFO] 14:09:54:814 DataNode/(4385:4385): Escritura en bloque numero: 125
[INFO] 14:09:54:833 DataNode/(4386:4386): Escritura en bloque numero: 126
[INFO] 14:09:54:853 DataNode/(4385:4385): Escritura en bloque numero: 126
[INFO] 14:09:54:869 DataNode/(4386:4386): Escritura en bloque numero: 127
[INFO] 14:09:54:889 DataNode/(4385:4385): Escritura en bloque numero: 127
[INFO] 14:09:54:907 DataNode/(4386:4386): Escritura en bloque numero: 128
[INFO] 14:09:54:922 DataNode/(4385:4385): Escritura en bloque numero: 128
[INFO] 14:09:54:938 DataNode/(4386:4386): Escritura en bloque numero: 129
[INFO] 14:09:54:954 DataNode/(4385:4385): Escritura en bloque numero: 129
[INFO] 14:09:54:975 DataNode/(4386:4386): Escritura en bloque numero: 130
[INFO] 14:09:54:990 DataNode/(4385:4385): Escritura en bloque numero: 130
[INFO] 14:09:55:11 DataNode/(4386:4386): Escritura en bloque numero: 131
[INFO] 14:09:55:28 DataNode/(4385:4385): Escritura en bloque numero: 131
[INFO] 14:09:55:45 DataNode/(4386:4386): Escritura en bloque numero: 132
[INFO] 14:09:55:60 DataNode/(4385:4385): Escritura en bloque numero: 132
[INFO] 14:09:55:77 DataNode/(4386:4386): Escritura en bloque numero: 133
[INFO] 14:09:55:128 DataNode/(4385:4385): Escritura en bloque numero: 133
[INFO] 14:09:55:205 DataNode/(4386:4386): Escritura en bloque numero: 134
[INFO] 14:09:55:227 DataNode/(4385:4385): Escritura en bloque numero: 134
[INFO] 14:09:55:251 DataNode/(4386:4386): Escritura en bloque numero: 135
[INFO] 14:09:55:267 DataNode/(4385:4385): Escritura en bloque numero: 135
[INFO] 14:09:55:284 DataNode/(4386:4386): Escritura en bloque numero: 136
[INFO] 14:09:55:306 DataNode/(4385:4385): Escritura en bloque numero: 136
[INFO] 14:09:55:323 DataNode/(4386:4386): Escritura en bloque numero: 137
[INFO] 14:09:55:343 DataNode/(4385:4385): Escritura en bloque numero: 137
[INFO] 14:09:55:359 DataNode/(4386:4386): Escritura en bloque numero: 138
[INFO] 14:09:55:375 DataNode/(4385:4385): Escritura en bloque numero: 138
[INFO] 14:09:55:396 DataNode/(4386:4386): Escritura en bloque numero: 139
[INFO] 14:09:55:411 DataNode/(4385:4385): Escritura en bloque numero: 139
[INFO] 14:09:55:433 DataNode/(4386:4386): Escritura en bloque numero: 140
[INFO] 14:09:55:451 DataNode/(4385:4385): Escritura en bloque numero: 140
[INFO] 14:09:55:468 DataNode/(4386:4386): Escritura en bloque numero: 141
[INFO] 14:09:55:483 DataNode/(4385:4385): Escritura en bloque numero: 141
[INFO] 14:09:55:504 DataNode/(4386:4386): Escritura en bloque numero: 142
[INFO] 14:09:55:524 DataNode/(4385:4385): Escritura en bloque numero: 142
[INFO] 14:09:55:540 DataNode/(4386:4386): Escritura en bloque numero: 143
[INFO] 14:09:55:560 DataNode/(4385:4385): Escritura en bloque numero: 143
[INFO] 14:09:55:581 DataNode/(4386:4386): Escritura en bloque numero: 144
[INFO] 14:09:55:596 DataNode/(4385:4385): Escritura en bloque numero: 144
[INFO] 14:09:55:617 DataNode/(4386:4386): Escritura en bloque numero: 145
[INFO] 14:09:55:635 DataNode/(4385:4385): Escritura en bloque numero: 145
[INFO] 14:09:55:652 DataNode/(4386:4386): Escritura en bloque numero: 146
[INFO] 14:09:55:668 DataNode/(4385:4385): Escritura en bloque numero: 146
[INFO] 14:09:55:684 DataNode/(4386:4386): Escritura en bloque numero: 147
[INFO] 14:09:55:700 DataNode/(4385:4385): Escritura en bloque numero: 147
[INFO] 14:09:55:717 DataNode/(4386:4386): Escritura en bloque numero: 148
[INFO] 14:09:55:737 DataNode/(4385:4385): Escritura en bloque numero: 148
[INFO] 14:09:55:753 DataNode/(4386:4386): Escritura en bloque numero: 149
[INFO] 14:09:55:773 DataNode/(4385:4385): Escritura en bloque numero: 149
[INFO] 14:09:55:790 DataNode/(4386:4386): Escritura en bloque numero: 150
[INFO] 14:09:55:806 DataNode/(4385:4385): Escritura en bloque numero: 150
[INFO] 14:09:55:822 DataNode/(4386:4386): Escritura en bloque numero: 151
[INFO] 14:09:55:882 DataNode/(4385:4385): Escritura en bloque numero: 151
[INFO] 14:09:55:905 DataNode/(4386:4386): Escritura en bloque numero: 152
[INFO] 14:09:55:923 DataNode/(4385:4385): Escritura en bloque numero: 152
[INFO] 14:09:55:942 DataNode/(4386:4386): Escritura en bloque numero: 153
[INFO] 14:09:55:959 DataNode/(4385:4385): Escritura en bloque numero: 153
[INFO] 14:09:55:975 DataNode/(4386:4386): Escritura en bloque numero: 154
[INFO] 14:09:55:991 DataNode/(4385:4385): Escritura en bloque numero: 154
[INFO] 14:09:56:10 DataNode/(4386:4386): Escritura en bloque numero: 155
[INFO] 14:09:56:26 DataNode/(4385:4385): Escritura en bloque numero: 155
[INFO] 14:09:56:46 DataNode/(4386:4386): Escritura en bloque numero: 156
[INFO] 14:09:56:63 DataNode/(4385:4385): Escritura en bloque numero: 156
[INFO] 14:09:56:83 DataNode/(4386:4386): Escritura en bloque numero: 157
[INFO] 14:09:56:99 DataNode/(4385:4385): Escritura en bloque numero: 157
[INFO] 14:09:56:116 DataNode/(4386:4386): Escritura en bloque numero: 158
[INFO] 14:09:56:136 DataNode/(4385:4385): Escritura en bloque numero: 158
[INFO] 14:09:56:153 DataNode/(4386:4386): Escritura en bloque numero: 159
[INFO] 14:09:56:173 DataNode/(4385:4385): Escritura en bloque numero: 159
[INFO] 14:09:56:189 DataNode/(4386:4386): Escritura en bloque numero: 160
[INFO] 14:09:56:206 DataNode/(4385:4385): Escritura en bloque numero: 160
[INFO] 14:09:56:226 DataNode/(4386:4386): Escritura en bloque numero: 161
[INFO] 14:09:56:242 DataNode/(4385:4385): Escritura en bloque numero: 161
[INFO] 14:09:56:263 DataNode/(4386:4386): Escritura en bloque numero: 162
[INFO] 14:09:56:279 DataNode/(4385:4385): Escritura en bloque numero: 162
[INFO] 14:09:56:301 DataNode/(4386:4386): Escritura en bloque numero: 163
[INFO] 14:09:56:324 DataNode/(4385:4385): Escritura en bloque numero: 163
[INFO] 14:09:56:341 DataNode/(4386:4386): Escritura en bloque numero: 164
[INFO] 14:09:56:361 DataNode/(4385:4385): Escritura en bloque numero: 164
[INFO] 14:09:56:382 DataNode/(4386:4386): Escritura en bloque numero: 165
[INFO] 14:09:56:398 DataNode/(4385:4385): Escritura en bloque numero: 165
[INFO] 14:09:56:427 DataNode/(4386:4386): Escritura en bloque numero: 166
[INFO] 14:09:56:446 DataNode/(4385:4385): Escritura en bloque numero: 166
[INFO] 14:09:56:463 DataNode/(4386:4386): Escritura en bloque numero: 167
[INFO] 14:09:56:494 DataNode/(4385:4385): Escritura en bloque numero: 167
[INFO] 14:09:56:514 DataNode/(4386:4386): Escritura en bloque numero: 168
[INFO] 14:09:56:531 DataNode/(4385:4385): Escritura en bloque numero: 168
[INFO] 14:09:56:591 DataNode/(4386:4386): Escritura en bloque numero: 169
[INFO] 14:09:56:613 DataNode/(4385:4385): Escritura en bloque numero: 169
[INFO] 14:09:56:634 DataNode/(4386:4386): Escritura en bloque numero: 170
[INFO] 14:09:56:650 DataNode/(4385:4385): Escritura en bloque numero: 170
[INFO] 14:09:56:671 DataNode/(4386:4386): Escritura en bloque numero: 171
[INFO] 14:09:56:691 DataNode/(4385:4385): Escritura en bloque numero: 171
[INFO] 14:09:56:708 DataNode/(4386:4386): Escritura en bloque numero: 172
[INFO] 14:09:56:728 DataNode/(4385:4385): Escritura en bloque numero: 172
[INFO] 14:09:56:788 DataNode/(4386:4386): Escritura en bloque numero: 173
[INFO] 14:09:56:810 DataNode/(4385:4385): Escritura en bloque numero: 173
[INFO] 14:09:56:836 DataNode/(4386:4386): Escritura en bloque numero: 174
[INFO] 14:09:56:854 DataNode/(4385:4385): Escritura en bloque numero: 174
[INFO] 14:09:56:871 DataNode/(4386:4386): Escritura en bloque numero: 175
[INFO] 14:09:56:890 DataNode/(4385:4385): Escritura en bloque numero: 175
[INFO] 14:09:56:907 DataNode/(4386:4386): Escritura en bloque numero: 176
[INFO] 14:09:56:979 DataNode/(4385:4385): Escritura en bloque numero: 176
[INFO] 14:09:57:2 DataNode/(4386:4386): Escritura en bloque numero: 177
[INFO] 14:09:57:24 DataNode/(4385:4385): Escritura en bloque numero: 177
[INFO] 14:09:57:112 DataNode/(4386:4386): Escritura en bloque numero: 178
[INFO] 14:09:57:133 DataNode/(4385:4385): Escritura en bloque numero: 178
[INFO] 14:09:57:157 DataNode/(4386:4386): Escritura en bloque numero: 179
[INFO] 14:09:57:174 DataNode/(4385:4385): Escritura en bloque numero: 179
[INFO] 14:09:57:190 DataNode/(4386:4386): Escritura en bloque numero: 180
[INFO] 14:09:57:207 DataNode/(4385:4385): Escritura en bloque numero: 180
[INFO] 14:09:57:224 DataNode/(4386:4386): Escritura en bloque numero: 181
[INFO] 14:09:57:243 DataNode/(4385:4385): Escritura en bloque numero: 181
[INFO] 14:09:57:356 DataNode/(4386:4386): Escritura en bloque numero: 182
[INFO] 14:09:57:371 DataNode/(4385:4385): Escritura en bloque numero: 182
[INFO] 14:09:57:387 DataNode/(4386:4386): Escritura en bloque numero: 183
[INFO] 14:09:57:403 DataNode/(4385:4385): Escritura en bloque numero: 183
[INFO] 14:09:57:424 DataNode/(4386:4386): Escritura en bloque numero: 184
[INFO] 14:09:57:439 DataNode/(4385:4385): Escritura en bloque numero: 184
[INFO] 14:09:57:460 DataNode/(4386:4386): Escritura en bloque numero: 185
[INFO] 14:09:57:476 DataNode/(4385:4385): Escritura en bloque numero: 185
[INFO] 14:09:57:607 DataNode/(4386:4386): Escritura en bloque numero: 186
[INFO] 14:09:57:629 DataNode/(4385:4385): Escritura en bloque numero: 186
[INFO] 14:09:57:662 DataNode/(4386:4386): Escritura en bloque numero: 187
[INFO] 14:09:57:682 DataNode/(4385:4385): Escritura en bloque numero: 187
[INFO] 14:09:57:706 DataNode/(4386:4386): Escritura en bloque numero: 188
[INFO] 14:09:57:731 DataNode/(4385:4385): Escritura en bloque numero: 188
[INFO] 14:09:57:759 DataNode/(4386:4386): Escritura en bloque numero: 189
[INFO] 14:09:57:781 DataNode/(4385:4385): Escritura en bloque numero: 189
[INFO] 14:09:57:806 DataNode/(4386:4386): Escritura en bloque numero: 190
[INFO] 14:09:57:833 DataNode/(4385:4385): Escritura en bloque numero: 190
[INFO] 14:09:57:859 DataNode/(4386:4386): Escritura en bloque numero: 191
[INFO] 14:09:57:934 DataNode/(4385:4385): Escritura en bloque numero: 191
[INFO] 14:09:57:958 DataNode/(4386:4386): Escritura en bloque numero: 192
[INFO] 14:09:57:980 DataNode/(4385:4385): Escritura en bloque numero: 192
[INFO] 14:09:57:996 DataNode/(4386:4386): Escritura en bloque numero: 193
[INFO] 14:09:58:15 DataNode/(4385:4385): Escritura en bloque numero: 193
[INFO] 14:09:58:32 DataNode/(4386:4386): Escritura en bloque numero: 194
[INFO] 14:09:58:51 DataNode/(4385:4385): Escritura en bloque numero: 194
[INFO] 14:09:58:70 DataNode/(4386:4386): Escritura en bloque numero: 195
[INFO] 14:09:58:87 DataNode/(4385:4385): Escritura en bloque numero: 195
[INFO] 14:09:58:103 DataNode/(4386:4386): Escritura en bloque numero: 196
[INFO] 14:09:58:119 DataNode/(4385:4385): Escritura en bloque numero: 196
[INFO] 14:09:58:140 DataNode/(4386:4386): Escritura en bloque numero: 197
[INFO] 14:09:58:156 DataNode/(4385:4385): Escritura en bloque numero: 197
[INFO] 14:09:58:260 DataNode/(4386:4386): Escritura en bloque numero: 198
[INFO] 14:09:58:284 DataNode/(4385:4385): Escritura en bloque numero: 198
[INFO] 14:09:58:309 DataNode/(4386:4386): Escritura en bloque numero: 199
[INFO] 14:09:58:324 DataNode/(4385:4385): Escritura en bloque numero: 199
[INFO] 14:09:58:342 DataNode/(4386:4386): Escritura en bloque numero: 200
[INFO] 14:09:58:361 DataNode/(4385:4385): Escritura en bloque numero: 200
[INFO] 14:09:58:378 DataNode/(4386:4386): Escritura en bloque numero: 201
[INFO] 14:09:58:398 DataNode/(4385:4385): Escritura en bloque numero: 201
[INFO] 14:09:58:418 DataNode/(4386:4386): Escritura en bloque numero: 202
[INFO] 14:09:58:433 DataNode/(4385:4385): Escritura en bloque numero: 202
[INFO] 14:09:58:452 DataNode/(4386:4386): Escritura en bloque numero: 203
[INFO] 14:09:58:468 DataNode/(4385:4385): Escritura en bloque numero: 203
[INFO] 14:09:58:489 DataNode/(4386:4386): Escritura en bloque numero: 204
[INFO] 14:09:58:528 DataNode/(4385:4385): Escritura en bloque numero: 204
[INFO] 14:09:58:547 DataNode/(4386:4386): Escritura en bloque numero: 205
[INFO] 14:09:58:574 DataNode/(4385:4385): Escritura en bloque numero: 205
[INFO] 14:09:58:591 DataNode/(4386:4386): Escritura en bloque numero: 206
[INFO] 14:09:58:611 DataNode/(4385:4385): Escritura en bloque numero: 206
[INFO] 14:09:58:627 DataNode/(4386:4386): Escritura en bloque numero: 207
[INFO] 14:09:58:646 DataNode/(4385:4385): Escritura en bloque numero: 207
[INFO] 14:09:58:663 DataNode/(4386:4386): Escritura en bloque numero: 208
[INFO] 14:09:58:730 DataNode/(4385:4385): Escritura en bloque numero: 208
[INFO] 14:09:58:752 DataNode/(4386:4386): Escritura en bloque numero: 209
[INFO] 14:09:58:771 DataNode/(4385:4385): Escritura en bloque numero: 209
[INFO] 14:09:58:790 DataNode/(4386:4386): Escritura en bloque numero: 210
[INFO] 14:09:58:805 DataNode/(4385:4385): Escritura en bloque numero: 210
[INFO] 14:09:58:810 DataNode/(4386:4386): Escritura en bloque numero: 211
[INFO] 14:09:58:814 DataNode/(4385:4385): Escritura en bloque numero: 211
